<?xml version="1.0" encoding="UTF-8"?>
<robot generator="Robot 7.2.2 (Python 3.8.5 on win32)" generated="2025-02-25T17:12:37.112892" rpa="false" schemaversion="5">
<suite id="s1" name="Tests Suite Regresion" source="c:\Users\Victor\Documents\workspace\project-automation-imoney\iMony\Tests\tests_suite_regresion.robot">
<test id="s1-t1" name="Valida Saldo" line="13">
<kw name="Login" owner="keyword_loggin">
<kw name="Cargar Configuración" owner="keyword_loggin">
<kw name="Get Env Variable" owner="config_manager">
<msg time="2025-02-25T17:12:39.416554" level="INFO">Cargando DEVICE_MODE: virtual</msg>
<msg time="2025-02-25T17:12:39.417554" level="INFO">${DEVICE_MODE} = virtual</msg>
<var>${DEVICE_MODE}</var>
<arg>DEVICE_MODE</arg>
<doc>Obtiene el valor de una variable de entorno desde .env</doc>
<status status="PASS" start="2025-02-25T17:12:39.416554" elapsed="0.001000"/>
</kw>
<kw name="Set Global Variable" owner="BuiltIn">
<msg time="2025-02-25T17:12:39.419540" level="INFO">${DEVICE_MODE} = virtual</msg>
<arg>${DEVICE_MODE}</arg>
<doc>Makes a variable available globally in all tests and suites.</doc>
<status status="PASS" start="2025-02-25T17:12:39.418552" elapsed="0.000988"/>
</kw>
<kw name="Log" owner="BuiltIn">
<msg time="2025-02-25T17:12:39.420545" level="INFO">Modo de ejecución: virtual</msg>
<arg>Modo de ejecución: ${DEVICE_MODE}</arg>
<doc>Logs the given message with the given level.</doc>
<status status="PASS" start="2025-02-25T17:12:39.419540" elapsed="0.001005"/>
</kw>
<return>
<value>${DEVICE_MODE}</value>
<status status="PASS" start="2025-02-25T17:12:39.420545" elapsed="0.000000"/>
</return>
<msg time="2025-02-25T17:12:39.420545" level="INFO">${DEVICE_MODE} = virtual</msg>
<var>${DEVICE_MODE}</var>
<status status="PASS" start="2025-02-25T17:12:39.415549" elapsed="0.004996"/>
</kw>
<if>
<branch type="IF" condition="'${DEVICE_MODE}' == 'fisico'">
<kw name="Log To Console" owner="BuiltIn">
<arg>Ejecución en físico: Iniciando aplicación manualmente</arg>
<doc>Logs the given message to the console.</doc>
<status status="NOT RUN" start="2025-02-25T17:12:39.421558" elapsed="0.000000"/>
</kw>
<kw name="Abrir Aplicación en Dispositivo" owner="keyword_loggin">
<doc>Abre la aplicación en el dispositivo especificado en el JSON.</doc>
<status status="NOT RUN" start="2025-02-25T17:12:39.422550" elapsed="0.000000"/>
</kw>
<status status="NOT RUN" start="2025-02-25T17:12:39.420545" elapsed="0.002005"/>
</branch>
<branch type="ELSE IF" condition="'${DEVICE_MODE}' == 'virtual'">
<kw name="Log To Console" owner="BuiltIn">
<arg>Ejecución en virtual: Aplicación ya iniciada</arg>
<doc>Logs the given message to the console.</doc>
<status status="PASS" start="2025-02-25T17:12:39.423149" elapsed="0.000936"/>
</kw>
<kw name="Abre aplicacion dispositivo virtual" owner="keyword_loggin">
<kw name="Get Time" owner="BuiltIn">
<msg time="2025-02-25T17:12:39.426088" level="INFO">${inicio} = 1740525159</msg>
<var>${inicio}</var>
<arg>epoch</arg>
<doc>Returns the given time in the requested format.</doc>
<status status="PASS" start="2025-02-25T17:12:39.426088" elapsed="0.000989"/>
</kw>
<kw name="Open Application" owner="AppiumLibrary">
<arg>${REMOTE_URL}</arg>
<arg>platformName=${PLATFORM_NAME}</arg>
<arg>deviceName=${DEVICE_NAME}</arg>
<arg>appPackage=${APP_PACKAGE}</arg>
<arg>appWaitActivity=${APP_WAIT_ACTIVITY}</arg>
<arg>appActivity=${APP_ACTIVITY}</arg>
<arg>automationName=UiAutomator2</arg>
<arg>implicitWait=6</arg>
<doc>Opens a new application to given Appium server.
Capabilities of appium server, Android and iOS,
Please check https://github.com/appium/appium/blob/master/docs/en/writing-running-appium/server-args.md
| *Option*            | *Man.* | *Description*     |
| remote_url          | Yes    | Appium server url |
| alias               | no     | alias             |</doc>
<status status="PASS" start="2025-02-25T17:12:39.427077" elapsed="13.764538"/>
</kw>
<kw name="Get Time" owner="BuiltIn">
<msg time="2025-02-25T17:12:53.192604" level="INFO">${fin} = 1740525173</msg>
<var>${fin}</var>
<arg>epoch</arg>
<doc>Returns the given time in the requested format.</doc>
<status status="PASS" start="2025-02-25T17:12:53.191615" elapsed="0.000989"/>
</kw>
<kw name="Evaluate" owner="BuiltIn">
<msg time="2025-02-25T17:12:53.193624" level="INFO">${tiempo} = 14</msg>
<var>${tiempo}</var>
<arg>${fin} - ${inicio}</arg>
<doc>Evaluates the given expression in Python and returns the result.</doc>
<status status="PASS" start="2025-02-25T17:12:53.193624" elapsed="0.000000"/>
</kw>
<kw name="Log To Console" owner="BuiltIn">
<arg>Tiempo de apertura: ${tiempo} segundos</arg>
<doc>Logs the given message to the console.</doc>
<status status="PASS" start="2025-02-25T17:12:53.193624" elapsed="0.001452"/>
</kw>
<kw name="Send Response Time To InfluxDB" owner="keyword_loggin">
<kw name="Create Dictionary" owner="BuiltIn">
<msg time="2025-02-25T17:12:53.199094" level="INFO">${headers} = {'Authorization': 'Token QKjnwMKmnHHl8S-oSXH9zNqwFpkFxenAC7K-6wQcQ5lxHQ6wwvbGq_tpHMTVTiFOOFl7Wa81jBP-4rd3Rne-og==', 'Content-Type': 'text/plain; charset=utf-8'}</msg>
<var>${headers}</var>
<arg>Authorization=Token QKjnwMKmnHHl8S-oSXH9zNqwFpkFxenAC7K-6wQcQ5lxHQ6wwvbGq_tpHMTVTiFOOFl7Wa81jBP-4rd3Rne-og==</arg>
<arg>Content-Type=text/plain; charset=utf-8</arg>
<doc>Creates and returns a dictionary based on the given ``items``.</doc>
<status status="PASS" start="2025-02-25T17:12:53.198095" elapsed="0.002004"/>
</kw>
<kw name="Set Variable" owner="BuiltIn">
<msg time="2025-02-25T17:12:53.201082" level="INFO">${data} = app_open_time value=14</msg>
<var>${data}</var>
<arg>${metrica} value=${duration}</arg>
<doc>Returns the given values which can then be assigned to a variables.</doc>
<status status="PASS" start="2025-02-25T17:12:53.201082" elapsed="0.000000"/>
</kw>
<kw name="POST" owner="RequestsLibrary">
<msg time="2025-02-25T17:12:53.241952" level="INFO">POST Request : url=http://localhost:8086/api/v2/write?org=citi&amp;bucket=metrics_db&amp;precision=s 
 path_url=/api/v2/write?org=citi&amp;bucket=metrics_db&amp;precision=s 
 headers={'User-Agent': 'python-requests/2.32.3', 'Accept-Encoding': 'gzip, deflate', 'Accept': '*/*', 'Connection': 'keep-alive', 'Authorization': 'Token QKjnwMKmnHHl8S-oSXH9zNqwFpkFxenAC7K-6wQcQ5lxHQ6wwvbGq_tpHMTVTiFOOFl7Wa81jBP-4rd3Rne-og==', 'Content-Type': 'text/plain; charset=utf-8', 'Content-Length': '22'} 
 body=app_open_time value=14 
 </msg>
<msg time="2025-02-25T17:12:53.241952" level="INFO">POST Response : url=http://localhost:8086/api/v2/write?org=citi&amp;bucket=metrics_db&amp;precision=s 
 status=204, reason=No Content 
 headers={'X-Influxdb-Build': 'OSS', 'X-Influxdb-Version': 'v2.7.11', 'Date': 'Tue, 25 Feb 2025 23:12:53 GMT'} 
 body=None 
 </msg>
<msg time="2025-02-25T17:12:53.243464" level="INFO">${response} = &lt;Response [204]&gt;</msg>
<var>${response}</var>
<arg>url=http://localhost:8086/api/v2/write?org=citi&amp;bucket=metrics_db&amp;precision=s</arg>
<arg>headers=${headers}</arg>
<arg>data=${data}</arg>
<doc>Sends a POST request.</doc>
<status status="PASS" start="2025-02-25T17:12:53.202078" elapsed="0.041386"/>
</kw>
<kw name="Log To Console" owner="BuiltIn">
<arg>Respuesta de InfluxDB: ${response.status_code}</arg>
<doc>Logs the given message to the console.</doc>
<status status="PASS" start="2025-02-25T17:12:53.244485" elapsed="0.001993"/>
</kw>
<kw name="Should Be Equal As Numbers" owner="BuiltIn">
<msg time="2025-02-25T17:12:53.250488" level="INFO">Argument types are:
&lt;class 'int'&gt;
&lt;class 'str'&gt;</msg>
<arg>${response.status_code}</arg>
<arg>204</arg>
<arg>Fallo al enviar datos a InfluxDB</arg>
<doc>Fails if objects are unequal after converting them to real numbers.</doc>
<status status="PASS" start="2025-02-25T17:12:53.247482" elapsed="0.003006"/>
</kw>
<arg>${tiempo}</arg>
<arg>app_open_time</arg>
<status status="PASS" start="2025-02-25T17:12:53.196083" elapsed="0.055398"/>
</kw>
<kw name="Wait Until Element Is Visible" owner="AppiumLibrary">
<arg>${ANIMATION}</arg>
<arg>30s</arg>
<doc>Waits until element specified with `locator` is visible.</doc>
<status status="PASS" start="2025-02-25T17:12:53.252480" elapsed="2.359518"/>
</kw>
<kw name="Sleep" owner="BuiltIn">
<msg time="2025-02-25T17:12:57.616676" level="INFO">Slept 2 seconds.</msg>
<arg>2s</arg>
<doc>Pauses the test executed for the given time.</doc>
<status status="PASS" start="2025-02-25T17:12:55.614609" elapsed="2.002067"/>
</kw>
<kw name="Capture Page Screenshot" owner="AppiumLibrary">
<msg time="2025-02-25T17:12:58.709344" level="INFO" html="true">&lt;/td&gt;&lt;/tr&gt;&lt;tr&gt;&lt;td colspan="3"&gt;&lt;a href="appium-screenshot-1.png"&gt;&lt;img src="appium-screenshot-1.png" width="800px"&gt;&lt;/a&gt;</msg>
<doc>Takes a screenshot of the current page and embeds it into the log.</doc>
<status status="PASS" start="2025-02-25T17:12:57.617682" elapsed="1.091662"/>
</kw>
<kw name="Sleep" owner="BuiltIn">
<msg time="2025-02-25T17:13:08.722247" level="INFO">Slept 10 seconds.</msg>
<arg>10s</arg>
<doc>Pauses the test executed for the given time.</doc>
<status status="PASS" start="2025-02-25T17:12:58.710345" elapsed="10.011965"/>
</kw>
<status status="PASS" start="2025-02-25T17:12:39.425089" elapsed="29.298178"/>
</kw>
<status status="PASS" start="2025-02-25T17:12:39.423068" elapsed="29.300199"/>
</branch>
<status status="PASS" start="2025-02-25T17:12:39.420545" elapsed="29.302722"/>
</if>
<kw name="Get Time" owner="BuiltIn">
<msg time="2025-02-25T17:13:08.724777" level="INFO">${start_time} = 1740525188</msg>
<var>${start_time}</var>
<arg>epoch</arg>
<doc>Returns the given time in the requested format.</doc>
<status status="PASS" start="2025-02-25T17:13:08.723267" elapsed="0.001510"/>
</kw>
<try>
<branch type="TRY">
<kw name="Log To Console" owner="BuiltIn">
<arg>Iniciando login...</arg>
<doc>Logs the given message to the console.</doc>
<status status="PASS" start="2025-02-25T17:13:08.724777" elapsed="0.001028"/>
</kw>
<kw name="Wait Until Element Is Visible" owner="AppiumLibrary">
<arg>${PERMISSIONS}</arg>
<arg>30s</arg>
<doc>Waits until element specified with `locator` is visible.</doc>
<status status="PASS" start="2025-02-25T17:13:08.726791" elapsed="1.215694"/>
</kw>
<kw name="Click Element" owner="AppiumLibrary">
<msg time="2025-02-25T17:13:09.945002" level="INFO">Clicking element 'xpath=//android.widget.Button[@text="While using the app"]'.</msg>
<arg>${PERMISSIONS}</arg>
<doc>Click element identified by `locator`.</doc>
<status status="PASS" start="2025-02-25T17:13:09.942485" elapsed="0.278994"/>
</kw>
<kw name="Sleep" owner="BuiltIn">
<msg time="2025-02-25T17:13:12.236032" level="INFO">Slept 2 seconds.</msg>
<arg>2s</arg>
<doc>Pauses the test executed for the given time.</doc>
<status status="PASS" start="2025-02-25T17:13:10.221479" elapsed="2.014553"/>
</kw>
<kw name="Capture Page Screenshot" owner="AppiumLibrary">
<msg time="2025-02-25T17:13:13.654956" level="INFO" html="true">&lt;/td&gt;&lt;/tr&gt;&lt;tr&gt;&lt;td colspan="3"&gt;&lt;a href="appium-screenshot-2.png"&gt;&lt;img src="appium-screenshot-2.png" width="800px"&gt;&lt;/a&gt;</msg>
<doc>Takes a screenshot of the current page and embeds it into the log.</doc>
<status status="PASS" start="2025-02-25T17:13:12.237043" elapsed="1.418929"/>
</kw>
<kw name="Wait Until Element Is Visible" owner="AppiumLibrary">
<arg>${BTNLOGGIN}</arg>
<arg>50s</arg>
<doc>Waits until element specified with `locator` is visible.</doc>
<status status="PASS" start="2025-02-25T17:13:13.655972" elapsed="0.215695"/>
</kw>
<kw name="Click Element" owner="AppiumLibrary">
<msg time="2025-02-25T17:13:13.874194" level="INFO">Clicking element 'xpath=//android.widget.TextView[@text="Login"]'.</msg>
<arg>${BTNLOGGIN}</arg>
<doc>Click element identified by `locator`.</doc>
<status status="PASS" start="2025-02-25T17:13:13.871667" elapsed="2.452590"/>
</kw>
<kw name="Capture Page Screenshot" owner="AppiumLibrary">
<msg time="2025-02-25T17:13:16.771368" level="INFO" html="true">&lt;/td&gt;&lt;/tr&gt;&lt;tr&gt;&lt;td colspan="3"&gt;&lt;a href="appium-screenshot-3.png"&gt;&lt;img src="appium-screenshot-3.png" width="800px"&gt;&lt;/a&gt;</msg>
<doc>Takes a screenshot of the current page and embeds it into the log.</doc>
<status status="PASS" start="2025-02-25T17:13:16.325175" elapsed="0.447207"/>
</kw>
<kw name="Sleep" owner="BuiltIn">
<msg time="2025-02-25T17:13:21.775585" level="INFO">Slept 5 seconds.</msg>
<arg>5s</arg>
<doc>Pauses the test executed for the given time.</doc>
<status status="PASS" start="2025-02-25T17:13:16.772382" elapsed="5.004171"/>
</kw>
<kw name="Wait Until Element Is Visible" owner="AppiumLibrary">
<arg>${TXTINPUTLOGGING}</arg>
<arg>10s</arg>
<doc>Waits until element specified with `locator` is visible.</doc>
<status status="PASS" start="2025-02-25T17:13:21.776553" elapsed="0.307963"/>
</kw>
<kw name="Get Webelement" owner="AppiumLibrary">
<arg>${TXTINPUTLOGGING}</arg>
<doc>Returns the first [http://selenium-python.readthedocs.io/api.html#module-selenium.webdriver.remote.webelement|WebElement] object matching ``locator``.</doc>
<status status="PASS" start="2025-02-25T17:13:22.085578" elapsed="0.207317"/>
</kw>
<kw name="Input Text" owner="AppiumLibrary">
<msg time="2025-02-25T17:13:22.296421" level="INFO">Typing text '2491618787' into text field 'xpath=//android.widget.EditText[@resource-id="undefined-input"]'</msg>
<arg>${TXTINPUTLOGGING}</arg>
<arg>${usuario}</arg>
<doc>Types the given `text` into text field identified by `locator`.</doc>
<status status="PASS" start="2025-02-25T17:13:22.294461" elapsed="1.173460"/>
</kw>
<kw name="Click Element" owner="AppiumLibrary">
<msg time="2025-02-25T17:13:23.472457" level="INFO">Clicking element 'xpath=//android.widget.TextView[@text="Continuar"]'.</msg>
<arg>${BTNCONTINUAR}</arg>
<doc>Click element identified by `locator`.</doc>
<status status="PASS" start="2025-02-25T17:13:23.468921" elapsed="1.054037"/>
</kw>
<kw name="Sleep" owner="BuiltIn">
<msg time="2025-02-25T17:13:29.532176" level="INFO">Slept 5 seconds.</msg>
<arg>5s</arg>
<doc>Pauses the test executed for the given time.</doc>
<status status="PASS" start="2025-02-25T17:13:24.524470" elapsed="5.007706"/>
</kw>
<kw name="Wait Until Element Is Visible" owner="AppiumLibrary">
<arg>${TXTINPUTLOGGING}</arg>
<arg>30s</arg>
<doc>Waits until element specified with `locator` is visible.</doc>
<status status="PASS" start="2025-02-25T17:13:29.533150" elapsed="0.261426"/>
</kw>
<kw name="Get Webelement" owner="AppiumLibrary">
<arg>${TXTINPUTLOGGING}</arg>
<doc>Returns the first [http://selenium-python.readthedocs.io/api.html#module-selenium.webdriver.remote.webelement|WebElement] object matching ``locator``.</doc>
<status status="PASS" start="2025-02-25T17:13:29.794576" elapsed="0.306572"/>
</kw>
<kw name="Input Text" owner="AppiumLibrary">
<msg time="2025-02-25T17:13:30.104669" level="INFO">Typing text 'Citi.321' into text field 'xpath=//android.widget.EditText[@resource-id="undefined-input"]'</msg>
<arg>${TXTINPUTLOGGING}</arg>
<arg>${contraseña}</arg>
<doc>Types the given `text` into text field identified by `locator`.</doc>
<status status="PASS" start="2025-02-25T17:13:30.102150" elapsed="0.317287"/>
</kw>
<kw name="Click Element" owner="AppiumLibrary">
<msg time="2025-02-25T17:13:30.423966" level="INFO">Clicking element 'xpath=//android.widget.ScrollView/android.view.ViewGroup/android.view.ViewGroup[6]/android.view.ViewGroup/android.view.ViewGroup/android.view.ViewGroup'.</msg>
<arg>${BTNINGRESAR}</arg>
<doc>Click element identified by `locator`.</doc>
<status status="PASS" start="2025-02-25T17:13:30.419437" elapsed="1.639468"/>
</kw>
<kw name="Sleep" owner="BuiltIn">
<msg time="2025-02-25T17:13:52.067118" level="INFO">Slept 20 seconds.</msg>
<arg>20s</arg>
<doc>Pauses the test executed for the given time.</doc>
<status status="PASS" start="2025-02-25T17:13:32.058905" elapsed="20.009203"/>
</kw>
<kw name="Capture Page Screenshot" owner="AppiumLibrary">
<msg time="2025-02-25T17:13:52.676377" level="INFO" html="true">&lt;/td&gt;&lt;/tr&gt;&lt;tr&gt;&lt;td colspan="3"&gt;&lt;a href="appium-screenshot-4.png"&gt;&lt;img src="appium-screenshot-4.png" width="800px"&gt;&lt;/a&gt;</msg>
<doc>Takes a screenshot of the current page and embeds it into the log.</doc>
<status status="PASS" start="2025-02-25T17:13:52.069101" elapsed="0.608266"/>
</kw>
<kw name="Get Time" owner="BuiltIn">
<msg time="2025-02-25T17:13:52.679367" level="INFO">${end_time} = 1740525232</msg>
<var>${end_time}</var>
<arg>epoch</arg>
<doc>Returns the given time in the requested format.</doc>
<status status="PASS" start="2025-02-25T17:13:52.678368" elapsed="0.000999"/>
</kw>
<kw name="Evaluate" owner="BuiltIn">
<msg time="2025-02-25T17:13:52.680370" level="INFO">${duration} = 44</msg>
<var>${duration}</var>
<arg>${end_time} - ${start_time}</arg>
<doc>Evaluates the given expression in Python and returns the result.</doc>
<status status="PASS" start="2025-02-25T17:13:52.679367" elapsed="0.001003"/>
</kw>
<kw name="Log To Console" owner="BuiltIn">
<arg>Login exitoso en ${duration} segundos</arg>
<doc>Logs the given message to the console.</doc>
<status status="PASS" start="2025-02-25T17:13:52.681370" elapsed="0.000000"/>
</kw>
<kw name="Send Response Time To InfluxDB" owner="keyword_loggin">
<kw name="Create Dictionary" owner="BuiltIn">
<msg time="2025-02-25T17:13:52.684369" level="INFO">${headers} = {'Authorization': 'Token QKjnwMKmnHHl8S-oSXH9zNqwFpkFxenAC7K-6wQcQ5lxHQ6wwvbGq_tpHMTVTiFOOFl7Wa81jBP-4rd3Rne-og==', 'Content-Type': 'text/plain; charset=utf-8'}</msg>
<var>${headers}</var>
<arg>Authorization=Token QKjnwMKmnHHl8S-oSXH9zNqwFpkFxenAC7K-6wQcQ5lxHQ6wwvbGq_tpHMTVTiFOOFl7Wa81jBP-4rd3Rne-og==</arg>
<arg>Content-Type=text/plain; charset=utf-8</arg>
<doc>Creates and returns a dictionary based on the given ``items``.</doc>
<status status="PASS" start="2025-02-25T17:13:52.683371" elapsed="0.000998"/>
</kw>
<kw name="Set Variable" owner="BuiltIn">
<msg time="2025-02-25T17:13:52.685373" level="INFO">${data} = login_response_time value=44</msg>
<var>${data}</var>
<arg>${metrica} value=${duration}</arg>
<doc>Returns the given values which can then be assigned to a variables.</doc>
<status status="PASS" start="2025-02-25T17:13:52.684369" elapsed="0.001004"/>
</kw>
<kw name="POST" owner="RequestsLibrary">
<msg time="2025-02-25T17:13:52.709747" level="INFO">POST Request : url=http://localhost:8086/api/v2/write?org=citi&amp;bucket=metrics_db&amp;precision=s 
 path_url=/api/v2/write?org=citi&amp;bucket=metrics_db&amp;precision=s 
 headers={'User-Agent': 'python-requests/2.32.3', 'Accept-Encoding': 'gzip, deflate', 'Accept': '*/*', 'Connection': 'keep-alive', 'Authorization': 'Token QKjnwMKmnHHl8S-oSXH9zNqwFpkFxenAC7K-6wQcQ5lxHQ6wwvbGq_tpHMTVTiFOOFl7Wa81jBP-4rd3Rne-og==', 'Content-Type': 'text/plain; charset=utf-8', 'Content-Length': '28'} 
 body=login_response_time value=44 
 </msg>
<msg time="2025-02-25T17:13:52.709747" level="INFO">POST Response : url=http://localhost:8086/api/v2/write?org=citi&amp;bucket=metrics_db&amp;precision=s 
 status=204, reason=No Content 
 headers={'X-Influxdb-Build': 'OSS', 'X-Influxdb-Version': 'v2.7.11', 'Date': 'Tue, 25 Feb 2025 23:13:52 GMT'} 
 body=None 
 </msg>
<msg time="2025-02-25T17:13:52.709747" level="INFO">${response} = &lt;Response [204]&gt;</msg>
<var>${response}</var>
<arg>url=http://localhost:8086/api/v2/write?org=citi&amp;bucket=metrics_db&amp;precision=s</arg>
<arg>headers=${headers}</arg>
<arg>data=${data}</arg>
<doc>Sends a POST request.</doc>
<status status="PASS" start="2025-02-25T17:13:52.685884" elapsed="0.023863"/>
</kw>
<kw name="Log To Console" owner="BuiltIn">
<arg>Respuesta de InfluxDB: ${response.status_code}</arg>
<doc>Logs the given message to the console.</doc>
<status status="PASS" start="2025-02-25T17:13:52.710754" elapsed="0.000994"/>
</kw>
<kw name="Should Be Equal As Numbers" owner="BuiltIn">
<msg time="2025-02-25T17:13:52.713757" level="INFO">Argument types are:
&lt;class 'int'&gt;
&lt;class 'str'&gt;</msg>
<arg>${response.status_code}</arg>
<arg>204</arg>
<arg>Fallo al enviar datos a InfluxDB</arg>
<doc>Fails if objects are unequal after converting them to real numbers.</doc>
<status status="PASS" start="2025-02-25T17:13:52.712748" elapsed="0.002010"/>
</kw>
<arg>${duration}</arg>
<arg>login_response_time</arg>
<status status="PASS" start="2025-02-25T17:13:52.682364" elapsed="0.032394"/>
</kw>
<status status="PASS" start="2025-02-25T17:13:08.724777" elapsed="43.989981"/>
</branch>
<branch type="EXCEPT" assign="${error}">
<kw name="Log To Console" owner="BuiltIn">
<arg>Error en el login: ${error}</arg>
<doc>Logs the given message to the console.</doc>
<status status="NOT RUN" start="2025-02-25T17:13:52.714758" elapsed="0.000000"/>
</kw>
<kw name="Log" owner="BuiltIn">
<arg>Error en el login: ${error}</arg>
<arg>level=ERROR</arg>
<doc>Logs the given message with the given level.</doc>
<status status="NOT RUN" start="2025-02-25T17:13:52.715756" elapsed="0.000000"/>
</kw>
<kw name="Capture Page Screenshot" owner="AppiumLibrary">
<doc>Takes a screenshot of the current page and embeds it into the log.</doc>
<status status="NOT RUN" start="2025-02-25T17:13:52.716288" elapsed="0.000000"/>
</kw>
<kw name="Fail" owner="BuiltIn">
<arg>El login falló: ${error}</arg>
<doc>Fails the test with the given message and optionally alters its tags.</doc>
<status status="NOT RUN" start="2025-02-25T17:13:52.716288" elapsed="0.001028"/>
</kw>
<status status="NOT RUN" start="2025-02-25T17:13:52.714758" elapsed="0.002558"/>
</branch>
<status status="PASS" start="2025-02-25T17:13:08.724777" elapsed="43.992539"/>
</try>
<arg>${usuario}</arg>
<arg>${contrasena}</arg>
<doc>Verifica login exitoso</doc>
<status status="PASS" start="2025-02-25T17:12:39.414557" elapsed="73.302759"/>
</kw>
<kw name="Valida Saldo" owner="keyword_home">
<try>
<branch type="TRY">
<kw name="Get Text" owner="AppiumLibrary">
<msg time="2025-02-25T17:13:53.074302" level="INFO">Element 'xpath=(//android.widget.TextView[contains(@text, "$")])[2]' text is '$128.10' </msg>
<msg time="2025-02-25T17:13:53.074302" level="INFO">${saldo} = $128.10</msg>
<var>${saldo}</var>
<arg>${TEXSALDO}</arg>
<doc>Get element text (for hybrid and mobile browser use `xpath` locator, others might cause problem)</doc>
<status status="PASS" start="2025-02-25T17:13:52.721842" elapsed="0.352460"/>
</kw>
<kw name="Log To Console" owner="BuiltIn">
<arg>Texto original del saldo: '${saldo}'</arg>
<doc>Logs the given message to the console.</doc>
<status status="PASS" start="2025-02-25T17:13:53.075818" elapsed="0.001015"/>
</kw>
<kw name="Extraer Saldo" owner="saldo">
<msg time="2025-02-25T17:13:53.077829" level="INFO">${numero_float} = 128.1</msg>
<var>${numero_float}</var>
<arg>${saldo}</arg>
<doc>Extrae el saldo numérico de un texto dado.</doc>
<status status="PASS" start="2025-02-25T17:13:53.076833" elapsed="0.000996"/>
</kw>
<kw name="Log To Console" owner="BuiltIn">
<arg>Valor numérico extraído: '${numero_float}'</arg>
<doc>Logs the given message to the console.</doc>
<status status="PASS" start="2025-02-25T17:13:53.078829" elapsed="0.001003"/>
</kw>
<kw name="Send Metric To InfluxDB" owner="keyword_loggin">
<kw name="Create Dictionary" owner="BuiltIn">
<msg time="2025-02-25T17:13:53.081831" level="INFO">${headers} = {'Authorization': 'Token QKjnwMKmnHHl8S-oSXH9zNqwFpkFxenAC7K-6wQcQ5lxHQ6wwvbGq_tpHMTVTiFOOFl7Wa81jBP-4rd3Rne-og==', 'Content-Type': 'text/plain'}</msg>
<var>${headers}</var>
<arg>Authorization=Token QKjnwMKmnHHl8S-oSXH9zNqwFpkFxenAC7K-6wQcQ5lxHQ6wwvbGq_tpHMTVTiFOOFl7Wa81jBP-4rd3Rne-og==</arg>
<arg>Content-Type=text/plain</arg>
<doc>Creates and returns a dictionary based on the given ``items``.</doc>
<status status="PASS" start="2025-02-25T17:13:53.080833" elapsed="0.000998"/>
</kw>
<kw name="Evaluate" owner="BuiltIn">
<msg time="2025-02-25T17:13:53.083833" level="INFO">${timestamp} = 1740525233083833856</msg>
<var>${timestamp}</var>
<arg>int(time.time() * 1000000000)</arg>
<arg>time</arg>
<doc>Evaluates the given expression in Python and returns the result.</doc>
<status status="PASS" start="2025-02-25T17:13:53.082835" elapsed="0.000998"/>
</kw>
<kw name="Set Variable" owner="BuiltIn">
<msg time="2025-02-25T17:13:53.084829" level="INFO">${data} = app_user_saldo,source=robot value=128.1 1740525233083833856</msg>
<var>${data}</var>
<arg>${metric_name},source=robot value=${value} ${timestamp}</arg>
<doc>Returns the given values which can then be assigned to a variables.</doc>
<status status="PASS" start="2025-02-25T17:13:53.084829" elapsed="0.001012"/>
</kw>
<kw name="Log To Console" owner="BuiltIn">
<arg>Enviando a InfluxDB: ${data}</arg>
<doc>Logs the given message to the console.</doc>
<status status="PASS" start="2025-02-25T17:13:53.086353" elapsed="0.001011"/>
</kw>
<kw name="POST" owner="RequestsLibrary">
<msg time="2025-02-25T17:13:53.119754" level="INFO">POST Request : url=http://localhost:8086/api/v2/write?org=citi&amp;bucket=metrics_db&amp;precision=ns 
 path_url=/api/v2/write?org=citi&amp;bucket=metrics_db&amp;precision=ns 
 headers={'User-Agent': 'python-requests/2.32.3', 'Accept-Encoding': 'gzip, deflate', 'Accept': '*/*', 'Connection': 'keep-alive', 'Authorization': 'Token QKjnwMKmnHHl8S-oSXH9zNqwFpkFxenAC7K-6wQcQ5lxHQ6wwvbGq_tpHMTVTiFOOFl7Wa81jBP-4rd3Rne-og==', 'Content-Type': 'text/plain', 'Content-Length': '59'} 
 body=app_user_saldo,source=robot value=128.1 1740525233083833856 
 </msg>
<msg time="2025-02-25T17:13:53.120271" level="INFO">POST Response : url=http://localhost:8086/api/v2/write?org=citi&amp;bucket=metrics_db&amp;precision=ns 
 status=204, reason=No Content 
 headers={'X-Influxdb-Build': 'OSS', 'X-Influxdb-Version': 'v2.7.11', 'Date': 'Tue, 25 Feb 2025 23:13:53 GMT'} 
 body=None 
 </msg>
<msg time="2025-02-25T17:13:53.121288" level="INFO">${response} = &lt;Response [204]&gt;</msg>
<var>${response}</var>
<arg>url=http://localhost:8086/api/v2/write?org=citi&amp;bucket=metrics_db&amp;precision=ns</arg>
<arg>headers=${headers}</arg>
<arg>data=${data}</arg>
<doc>Sends a POST request.</doc>
<status status="PASS" start="2025-02-25T17:13:53.088364" elapsed="0.032924"/>
</kw>
<kw name="Log To Console" owner="BuiltIn">
<arg>Respuesta de InfluxDB: ${response.status_code}</arg>
<doc>Logs the given message to the console.</doc>
<status status="PASS" start="2025-02-25T17:13:53.123295" elapsed="0.002569"/>
</kw>
<kw name="Should Be Equal As Numbers" owner="BuiltIn">
<msg time="2025-02-25T17:13:53.129843" level="INFO">Argument types are:
&lt;class 'int'&gt;
&lt;class 'str'&gt;</msg>
<arg>${response.status_code}</arg>
<arg>204</arg>
<arg>Fallo al enviar datos a InfluxDB</arg>
<doc>Fails if objects are unequal after converting them to real numbers.</doc>
<status status="PASS" start="2025-02-25T17:13:53.126829" elapsed="0.003014"/>
</kw>
<arg>${numero_float}</arg>
<arg>app_user_saldo</arg>
<status status="PASS" start="2025-02-25T17:13:53.079832" elapsed="0.051007"/>
</kw>
<kw name="Capture Page Screenshot" owner="AppiumLibrary">
<msg time="2025-02-25T17:13:53.748202" level="INFO" html="true">&lt;/td&gt;&lt;/tr&gt;&lt;tr&gt;&lt;td colspan="3"&gt;&lt;a href="appium-screenshot-5.png"&gt;&lt;img src="appium-screenshot-5.png" width="800px"&gt;&lt;/a&gt;</msg>
<doc>Takes a screenshot of the current page and embeds it into the log.</doc>
<status status="PASS" start="2025-02-25T17:13:53.130839" elapsed="0.618365"/>
</kw>
<status status="PASS" start="2025-02-25T17:13:52.720849" elapsed="1.028355"/>
</branch>
<branch type="EXCEPT" assign="${error}">
<kw name="Log To Console" owner="BuiltIn">
<arg>Error en la keyword: ${error}</arg>
<doc>Logs the given message to the console.</doc>
<status status="NOT RUN" start="2025-02-25T17:13:53.750203" elapsed="0.000000"/>
</kw>
<kw name="Log" owner="BuiltIn">
<arg>Error en la keyword: ${error}</arg>
<arg>level=ERROR</arg>
<doc>Logs the given message with the given level.</doc>
<status status="NOT RUN" start="2025-02-25T17:13:53.750203" elapsed="0.001000"/>
</kw>
<kw name="Capture Page Screenshot" owner="AppiumLibrary">
<doc>Takes a screenshot of the current page and embeds it into the log.</doc>
<status status="NOT RUN" start="2025-02-25T17:13:53.751203" elapsed="0.000000"/>
</kw>
<kw name="Fail" owner="BuiltIn">
<arg>Error en la keyword: ${error}</arg>
<doc>Fails the test with the given message and optionally alters its tags.</doc>
<status status="NOT RUN" start="2025-02-25T17:13:53.751203" elapsed="0.000000"/>
</kw>
<status status="NOT RUN" start="2025-02-25T17:13:53.749204" elapsed="0.003004"/>
</branch>
<status status="PASS" start="2025-02-25T17:13:52.719815" elapsed="1.032393"/>
</try>
<status status="PASS" start="2025-02-25T17:13:52.719815" elapsed="1.032393"/>
</kw>
<kw name="Close All Applications" owner="AppiumLibrary" type="TEARDOWN">
<doc>Closes all open applications.</doc>
<status status="PASS" start="2025-02-25T17:13:53.753201" elapsed="0.897807"/>
</kw>
<doc>Prueba valida el saldo de la cuenta ingresada</doc>
<tag>Prueba valida saldo</tag>
<status status="PASS" start="2025-02-25T17:12:39.374215" elapsed="75.276793"/>
</test>
<test id="s1-t2" name="Valida Retiro" line="20">
<kw name="Login" owner="keyword_loggin">
<kw name="Cargar Configuración" owner="keyword_loggin">
<kw name="Get Env Variable" owner="config_manager">
<msg time="2025-02-25T17:13:54.656057" level="INFO">Cargando DEVICE_MODE: virtual</msg>
<msg time="2025-02-25T17:13:54.657084" level="INFO">${DEVICE_MODE} = virtual</msg>
<var>${DEVICE_MODE}</var>
<arg>DEVICE_MODE</arg>
<doc>Obtiene el valor de una variable de entorno desde .env</doc>
<status status="PASS" start="2025-02-25T17:13:54.656057" elapsed="0.001027"/>
</kw>
<kw name="Set Global Variable" owner="BuiltIn">
<msg time="2025-02-25T17:13:54.658079" level="INFO">${DEVICE_MODE} = virtual</msg>
<arg>${DEVICE_MODE}</arg>
<doc>Makes a variable available globally in all tests and suites.</doc>
<status status="PASS" start="2025-02-25T17:13:54.657084" elapsed="0.001992"/>
</kw>
<kw name="Log" owner="BuiltIn">
<msg time="2025-02-25T17:13:54.660073" level="INFO">Modo de ejecución: virtual</msg>
<arg>Modo de ejecución: ${DEVICE_MODE}</arg>
<doc>Logs the given message with the given level.</doc>
<status status="PASS" start="2025-02-25T17:13:54.659076" elapsed="0.000997"/>
</kw>
<return>
<value>${DEVICE_MODE}</value>
<status status="PASS" start="2025-02-25T17:13:54.660073" elapsed="0.000000"/>
</return>
<msg time="2025-02-25T17:13:54.661083" level="INFO">${DEVICE_MODE} = virtual</msg>
<var>${DEVICE_MODE}</var>
<status status="PASS" start="2025-02-25T17:13:54.655537" elapsed="0.005546"/>
</kw>
<if>
<branch type="IF" condition="'${DEVICE_MODE}' == 'fisico'">
<kw name="Log To Console" owner="BuiltIn">
<arg>Ejecución en físico: Iniciando aplicación manualmente</arg>
<doc>Logs the given message to the console.</doc>
<status status="NOT RUN" start="2025-02-25T17:13:54.663077" elapsed="0.000000"/>
</kw>
<kw name="Abrir Aplicación en Dispositivo" owner="keyword_loggin">
<doc>Abre la aplicación en el dispositivo especificado en el JSON.</doc>
<status status="NOT RUN" start="2025-02-25T17:13:54.663077" elapsed="0.000000"/>
</kw>
<status status="NOT RUN" start="2025-02-25T17:13:54.662071" elapsed="0.001006"/>
</branch>
<branch type="ELSE IF" condition="'${DEVICE_MODE}' == 'virtual'">
<kw name="Log To Console" owner="BuiltIn">
<arg>Ejecución en virtual: Aplicación ya iniciada</arg>
<doc>Logs the given message to the console.</doc>
<status status="PASS" start="2025-02-25T17:13:54.664074" elapsed="0.000000"/>
</kw>
<kw name="Abre aplicacion dispositivo virtual" owner="keyword_loggin">
<kw name="Get Time" owner="BuiltIn">
<msg time="2025-02-25T17:13:54.666601" level="INFO">${inicio} = 1740525234</msg>
<var>${inicio}</var>
<arg>epoch</arg>
<doc>Returns the given time in the requested format.</doc>
<status status="PASS" start="2025-02-25T17:13:54.665584" elapsed="0.002017"/>
</kw>
<kw name="Open Application" owner="AppiumLibrary">
<arg>${REMOTE_URL}</arg>
<arg>platformName=${PLATFORM_NAME}</arg>
<arg>deviceName=${DEVICE_NAME}</arg>
<arg>appPackage=${APP_PACKAGE}</arg>
<arg>appWaitActivity=${APP_WAIT_ACTIVITY}</arg>
<arg>appActivity=${APP_ACTIVITY}</arg>
<arg>automationName=UiAutomator2</arg>
<arg>implicitWait=6</arg>
<doc>Opens a new application to given Appium server.
Capabilities of appium server, Android and iOS,
Please check https://github.com/appium/appium/blob/master/docs/en/writing-running-appium/server-args.md
| *Option*            | *Man.* | *Description*     |
| remote_url          | Yes    | Appium server url |
| alias               | no     | alias             |</doc>
<status status="PASS" start="2025-02-25T17:13:54.667601" elapsed="12.326583"/>
</kw>
<kw name="Get Time" owner="BuiltIn">
<msg time="2025-02-25T17:14:06.995190" level="INFO">${fin} = 1740525246</msg>
<var>${fin}</var>
<arg>epoch</arg>
<doc>Returns the given time in the requested format.</doc>
<status status="PASS" start="2025-02-25T17:14:06.995190" elapsed="0.000995"/>
</kw>
<kw name="Evaluate" owner="BuiltIn">
<msg time="2025-02-25T17:14:06.997683" level="INFO">${tiempo} = 12</msg>
<var>${tiempo}</var>
<arg>${fin} - ${inicio}</arg>
<doc>Evaluates the given expression in Python and returns the result.</doc>
<status status="PASS" start="2025-02-25T17:14:06.996185" elapsed="0.001498"/>
</kw>
<kw name="Log To Console" owner="BuiltIn">
<arg>Tiempo de apertura: ${tiempo} segundos</arg>
<doc>Logs the given message to the console.</doc>
<status status="PASS" start="2025-02-25T17:14:06.997683" elapsed="0.000990"/>
</kw>
<kw name="Send Response Time To InfluxDB" owner="keyword_loggin">
<kw name="Create Dictionary" owner="BuiltIn">
<msg time="2025-02-25T17:14:07.003195" level="INFO">${headers} = {'Authorization': 'Token QKjnwMKmnHHl8S-oSXH9zNqwFpkFxenAC7K-6wQcQ5lxHQ6wwvbGq_tpHMTVTiFOOFl7Wa81jBP-4rd3Rne-og==', 'Content-Type': 'text/plain; charset=utf-8'}</msg>
<var>${headers}</var>
<arg>Authorization=Token QKjnwMKmnHHl8S-oSXH9zNqwFpkFxenAC7K-6wQcQ5lxHQ6wwvbGq_tpHMTVTiFOOFl7Wa81jBP-4rd3Rne-og==</arg>
<arg>Content-Type=text/plain; charset=utf-8</arg>
<doc>Creates and returns a dictionary based on the given ``items``.</doc>
<status status="PASS" start="2025-02-25T17:14:07.001678" elapsed="0.001517"/>
</kw>
<kw name="Set Variable" owner="BuiltIn">
<msg time="2025-02-25T17:14:07.005221" level="INFO">${data} = app_open_time value=12</msg>
<var>${data}</var>
<arg>${metrica} value=${duration}</arg>
<doc>Returns the given values which can then be assigned to a variables.</doc>
<status status="PASS" start="2025-02-25T17:14:07.004211" elapsed="0.001010"/>
</kw>
<kw name="POST" owner="RequestsLibrary">
<msg time="2025-02-25T17:14:07.031953" level="INFO">POST Request : url=http://localhost:8086/api/v2/write?org=citi&amp;bucket=metrics_db&amp;precision=s 
 path_url=/api/v2/write?org=citi&amp;bucket=metrics_db&amp;precision=s 
 headers={'User-Agent': 'python-requests/2.32.3', 'Accept-Encoding': 'gzip, deflate', 'Accept': '*/*', 'Connection': 'keep-alive', 'Authorization': 'Token QKjnwMKmnHHl8S-oSXH9zNqwFpkFxenAC7K-6wQcQ5lxHQ6wwvbGq_tpHMTVTiFOOFl7Wa81jBP-4rd3Rne-og==', 'Content-Type': 'text/plain; charset=utf-8', 'Content-Length': '22'} 
 body=app_open_time value=12 
 </msg>
<msg time="2025-02-25T17:14:07.031953" level="INFO">POST Response : url=http://localhost:8086/api/v2/write?org=citi&amp;bucket=metrics_db&amp;precision=s 
 status=204, reason=No Content 
 headers={'X-Influxdb-Build': 'OSS', 'X-Influxdb-Version': 'v2.7.11', 'Date': 'Tue, 25 Feb 2025 23:14:07 GMT'} 
 body=None 
 </msg>
<msg time="2025-02-25T17:14:07.032948" level="INFO">${response} = &lt;Response [204]&gt;</msg>
<var>${response}</var>
<arg>url=http://localhost:8086/api/v2/write?org=citi&amp;bucket=metrics_db&amp;precision=s</arg>
<arg>headers=${headers}</arg>
<arg>data=${data}</arg>
<doc>Sends a POST request.</doc>
<status status="PASS" start="2025-02-25T17:14:07.005221" elapsed="0.028737"/>
</kw>
<kw name="Log To Console" owner="BuiltIn">
<arg>Respuesta de InfluxDB: ${response.status_code}</arg>
<doc>Logs the given message to the console.</doc>
<status status="PASS" start="2025-02-25T17:14:07.034970" elapsed="0.003310"/>
</kw>
<kw name="Should Be Equal As Numbers" owner="BuiltIn">
<msg time="2025-02-25T17:14:07.040284" level="INFO">Argument types are:
&lt;class 'int'&gt;
&lt;class 'str'&gt;</msg>
<arg>${response.status_code}</arg>
<arg>204</arg>
<arg>Fallo al enviar datos a InfluxDB</arg>
<doc>Fails if objects are unequal after converting them to real numbers.</doc>
<status status="PASS" start="2025-02-25T17:14:07.039282" elapsed="0.002002"/>
</kw>
<arg>${tiempo}</arg>
<arg>app_open_time</arg>
<status status="PASS" start="2025-02-25T17:14:06.999675" elapsed="0.041609"/>
</kw>
<kw name="Wait Until Element Is Visible" owner="AppiumLibrary">
<arg>${ANIMATION}</arg>
<arg>30s</arg>
<doc>Waits until element specified with `locator` is visible.</doc>
<status status="PASS" start="2025-02-25T17:14:07.042281" elapsed="1.684313"/>
</kw>
<kw name="Sleep" owner="BuiltIn">
<msg time="2025-02-25T17:14:10.743206" level="INFO">Slept 2 seconds.</msg>
<arg>2s</arg>
<doc>Pauses the test executed for the given time.</doc>
<status status="PASS" start="2025-02-25T17:14:08.727634" elapsed="2.015572"/>
</kw>
<kw name="Capture Page Screenshot" owner="AppiumLibrary">
<msg time="2025-02-25T17:14:11.629454" level="INFO" html="true">&lt;/td&gt;&lt;/tr&gt;&lt;tr&gt;&lt;td colspan="3"&gt;&lt;a href="appium-screenshot-6.png"&gt;&lt;img src="appium-screenshot-6.png" width="800px"&gt;&lt;/a&gt;</msg>
<doc>Takes a screenshot of the current page and embeds it into the log.</doc>
<status status="PASS" start="2025-02-25T17:14:10.744198" elapsed="0.885256"/>
</kw>
<kw name="Sleep" owner="BuiltIn">
<msg time="2025-02-25T17:14:21.634334" level="INFO">Slept 10 seconds.</msg>
<arg>10s</arg>
<doc>Pauses the test executed for the given time.</doc>
<status status="PASS" start="2025-02-25T17:14:11.630444" elapsed="10.004902"/>
</kw>
<status status="PASS" start="2025-02-25T17:13:54.664074" elapsed="26.971785"/>
</kw>
<status status="PASS" start="2025-02-25T17:13:54.663077" elapsed="26.972782"/>
</branch>
<status status="PASS" start="2025-02-25T17:13:54.662071" elapsed="26.974297"/>
</if>
<kw name="Get Time" owner="BuiltIn">
<msg time="2025-02-25T17:14:21.637393" level="INFO">${start_time} = 1740525261</msg>
<var>${start_time}</var>
<arg>epoch</arg>
<doc>Returns the given time in the requested format.</doc>
<status status="PASS" start="2025-02-25T17:14:21.636368" elapsed="0.001025"/>
</kw>
<try>
<branch type="TRY">
<kw name="Log To Console" owner="BuiltIn">
<arg>Iniciando login...</arg>
<doc>Logs the given message to the console.</doc>
<status status="PASS" start="2025-02-25T17:14:21.638390" elapsed="0.000989"/>
</kw>
<kw name="Wait Until Element Is Visible" owner="AppiumLibrary">
<arg>${PERMISSIONS}</arg>
<arg>30s</arg>
<doc>Waits until element specified with `locator` is visible.</doc>
<status status="PASS" start="2025-02-25T17:14:21.640384" elapsed="1.488288"/>
</kw>
<kw name="Click Element" owner="AppiumLibrary">
<msg time="2025-02-25T17:14:23.133695" level="INFO">Clicking element 'xpath=//android.widget.Button[@text="While using the app"]'.</msg>
<arg>${PERMISSIONS}</arg>
<doc>Click element identified by `locator`.</doc>
<status status="PASS" start="2025-02-25T17:14:23.129676" elapsed="0.299243"/>
</kw>
<kw name="Sleep" owner="BuiltIn">
<msg time="2025-02-25T17:14:25.444787" level="INFO">Slept 2 seconds.</msg>
<arg>2s</arg>
<doc>Pauses the test executed for the given time.</doc>
<status status="PASS" start="2025-02-25T17:14:23.429920" elapsed="2.014867"/>
</kw>
<kw name="Capture Page Screenshot" owner="AppiumLibrary">
<msg time="2025-02-25T17:14:26.886712" level="INFO" html="true">&lt;/td&gt;&lt;/tr&gt;&lt;tr&gt;&lt;td colspan="3"&gt;&lt;a href="appium-screenshot-7.png"&gt;&lt;img src="appium-screenshot-7.png" width="800px"&gt;&lt;/a&gt;</msg>
<doc>Takes a screenshot of the current page and embeds it into the log.</doc>
<status status="PASS" start="2025-02-25T17:14:25.445793" elapsed="1.440919"/>
</kw>
<kw name="Wait Until Element Is Visible" owner="AppiumLibrary">
<arg>${BTNLOGGIN}</arg>
<arg>50s</arg>
<doc>Waits until element specified with `locator` is visible.</doc>
<status status="PASS" start="2025-02-25T17:14:26.887679" elapsed="0.254241"/>
</kw>
<kw name="Click Element" owner="AppiumLibrary">
<msg time="2025-02-25T17:14:27.144919" level="INFO">Clicking element 'xpath=//android.widget.TextView[@text="Login"]'.</msg>
<arg>${BTNLOGGIN}</arg>
<doc>Click element identified by `locator`.</doc>
<status status="PASS" start="2025-02-25T17:14:27.141920" elapsed="0.268594"/>
</kw>
<kw name="Capture Page Screenshot" owner="AppiumLibrary">
<msg time="2025-02-25T17:14:29.887864" level="INFO" html="true">&lt;/td&gt;&lt;/tr&gt;&lt;tr&gt;&lt;td colspan="3"&gt;&lt;a href="appium-screenshot-8.png"&gt;&lt;img src="appium-screenshot-8.png" width="800px"&gt;&lt;/a&gt;</msg>
<doc>Takes a screenshot of the current page and embeds it into the log.</doc>
<status status="PASS" start="2025-02-25T17:14:27.411500" elapsed="2.476364"/>
</kw>
<kw name="Sleep" owner="BuiltIn">
<msg time="2025-02-25T17:14:34.905086" level="INFO">Slept 5 seconds.</msg>
<arg>5s</arg>
<doc>Pauses the test executed for the given time.</doc>
<status status="PASS" start="2025-02-25T17:14:29.888869" elapsed="5.016217"/>
</kw>
<kw name="Wait Until Element Is Visible" owner="AppiumLibrary">
<arg>${TXTINPUTLOGGING}</arg>
<arg>10s</arg>
<doc>Waits until element specified with `locator` is visible.</doc>
<status status="PASS" start="2025-02-25T17:14:34.905086" elapsed="0.284241"/>
</kw>
<kw name="Get Webelement" owner="AppiumLibrary">
<arg>${TXTINPUTLOGGING}</arg>
<doc>Returns the first [http://selenium-python.readthedocs.io/api.html#module-selenium.webdriver.remote.webelement|WebElement] object matching ``locator``.</doc>
<status status="PASS" start="2025-02-25T17:14:35.189327" elapsed="0.201574"/>
</kw>
<kw name="Input Text" owner="AppiumLibrary">
<msg time="2025-02-25T17:14:35.393901" level="INFO">Typing text '2491618787' into text field 'xpath=//android.widget.EditText[@resource-id="undefined-input"]'</msg>
<arg>${TXTINPUTLOGGING}</arg>
<arg>${usuario}</arg>
<doc>Types the given `text` into text field identified by `locator`.</doc>
<status status="PASS" start="2025-02-25T17:14:35.391891" elapsed="1.187739"/>
</kw>
<kw name="Click Element" owner="AppiumLibrary">
<msg time="2025-02-25T17:14:36.582633" level="INFO">Clicking element 'xpath=//android.widget.TextView[@text="Continuar"]'.</msg>
<arg>${BTNCONTINUAR}</arg>
<doc>Click element identified by `locator`.</doc>
<status status="PASS" start="2025-02-25T17:14:36.580634" elapsed="1.507880"/>
</kw>
<kw name="Sleep" owner="BuiltIn">
<msg time="2025-02-25T17:14:43.093329" level="INFO">Slept 5 seconds.</msg>
<arg>5s</arg>
<doc>Pauses the test executed for the given time.</doc>
<status status="PASS" start="2025-02-25T17:14:38.089519" elapsed="5.003810"/>
</kw>
<kw name="Wait Until Element Is Visible" owner="AppiumLibrary">
<arg>${TXTINPUTLOGGING}</arg>
<arg>30s</arg>
<doc>Waits until element specified with `locator` is visible.</doc>
<status status="PASS" start="2025-02-25T17:14:43.094344" elapsed="0.221227"/>
</kw>
<kw name="Get Webelement" owner="AppiumLibrary">
<arg>${TXTINPUTLOGGING}</arg>
<doc>Returns the first [http://selenium-python.readthedocs.io/api.html#module-selenium.webdriver.remote.webelement|WebElement] object matching ``locator``.</doc>
<status status="PASS" start="2025-02-25T17:14:43.316573" elapsed="0.206216"/>
</kw>
<kw name="Input Text" owner="AppiumLibrary">
<msg time="2025-02-25T17:14:43.525793" level="INFO">Typing text 'Citi.321' into text field 'xpath=//android.widget.EditText[@resource-id="undefined-input"]'</msg>
<arg>${TXTINPUTLOGGING}</arg>
<arg>${contraseña}</arg>
<doc>Types the given `text` into text field identified by `locator`.</doc>
<status status="PASS" start="2025-02-25T17:14:43.523804" elapsed="0.273553"/>
</kw>
<kw name="Click Element" owner="AppiumLibrary">
<msg time="2025-02-25T17:14:43.801279" level="INFO">Clicking element 'xpath=//android.widget.ScrollView/android.view.ViewGroup/android.view.ViewGroup[6]/android.view.ViewGroup/android.view.ViewGroup/android.view.ViewGroup'.</msg>
<arg>${BTNINGRESAR}</arg>
<doc>Click element identified by `locator`.</doc>
<status status="PASS" start="2025-02-25T17:14:43.797357" elapsed="0.815495"/>
</kw>
<kw name="Sleep" owner="BuiltIn">
<msg time="2025-02-25T17:15:04.616893" level="INFO">Slept 20 seconds.</msg>
<arg>20s</arg>
<doc>Pauses the test executed for the given time.</doc>
<status status="PASS" start="2025-02-25T17:14:44.613851" elapsed="20.003042"/>
</kw>
<kw name="Capture Page Screenshot" owner="AppiumLibrary">
<msg time="2025-02-25T17:15:05.013237" level="INFO" html="true">&lt;/td&gt;&lt;/tr&gt;&lt;tr&gt;&lt;td colspan="3"&gt;&lt;a href="appium-screenshot-9.png"&gt;&lt;img src="appium-screenshot-9.png" width="800px"&gt;&lt;/a&gt;</msg>
<doc>Takes a screenshot of the current page and embeds it into the log.</doc>
<status status="PASS" start="2025-02-25T17:15:04.618366" elapsed="0.394871"/>
</kw>
<kw name="Get Time" owner="BuiltIn">
<msg time="2025-02-25T17:15:05.014237" level="INFO">${end_time} = 1740525305</msg>
<var>${end_time}</var>
<arg>epoch</arg>
<doc>Returns the given time in the requested format.</doc>
<status status="PASS" start="2025-02-25T17:15:05.014237" elapsed="0.000000"/>
</kw>
<kw name="Evaluate" owner="BuiltIn">
<msg time="2025-02-25T17:15:05.015243" level="INFO">${duration} = 44</msg>
<var>${duration}</var>
<arg>${end_time} - ${start_time}</arg>
<doc>Evaluates the given expression in Python and returns the result.</doc>
<status status="PASS" start="2025-02-25T17:15:05.014237" elapsed="0.001006"/>
</kw>
<kw name="Log To Console" owner="BuiltIn">
<arg>Login exitoso en ${duration} segundos</arg>
<doc>Logs the given message to the console.</doc>
<status status="PASS" start="2025-02-25T17:15:05.015243" elapsed="0.001517"/>
</kw>
<kw name="Send Response Time To InfluxDB" owner="keyword_loggin">
<kw name="Create Dictionary" owner="BuiltIn">
<msg time="2025-02-25T17:15:05.019300" level="INFO">${headers} = {'Authorization': 'Token QKjnwMKmnHHl8S-oSXH9zNqwFpkFxenAC7K-6wQcQ5lxHQ6wwvbGq_tpHMTVTiFOOFl7Wa81jBP-4rd3Rne-og==', 'Content-Type': 'text/plain; charset=utf-8'}</msg>
<var>${headers}</var>
<arg>Authorization=Token QKjnwMKmnHHl8S-oSXH9zNqwFpkFxenAC7K-6wQcQ5lxHQ6wwvbGq_tpHMTVTiFOOFl7Wa81jBP-4rd3Rne-og==</arg>
<arg>Content-Type=text/plain; charset=utf-8</arg>
<doc>Creates and returns a dictionary based on the given ``items``.</doc>
<status status="PASS" start="2025-02-25T17:15:05.018291" elapsed="0.001009"/>
</kw>
<kw name="Set Variable" owner="BuiltIn">
<msg time="2025-02-25T17:15:05.020304" level="INFO">${data} = login_response_time value=44</msg>
<var>${data}</var>
<arg>${metrica} value=${duration}</arg>
<doc>Returns the given values which can then be assigned to a variables.</doc>
<status status="PASS" start="2025-02-25T17:15:05.019300" elapsed="0.001004"/>
</kw>
<kw name="POST" owner="RequestsLibrary">
<msg time="2025-02-25T17:15:05.042520" level="INFO">POST Request : url=http://localhost:8086/api/v2/write?org=citi&amp;bucket=metrics_db&amp;precision=s 
 path_url=/api/v2/write?org=citi&amp;bucket=metrics_db&amp;precision=s 
 headers={'User-Agent': 'python-requests/2.32.3', 'Accept-Encoding': 'gzip, deflate', 'Accept': '*/*', 'Connection': 'keep-alive', 'Authorization': 'Token QKjnwMKmnHHl8S-oSXH9zNqwFpkFxenAC7K-6wQcQ5lxHQ6wwvbGq_tpHMTVTiFOOFl7Wa81jBP-4rd3Rne-og==', 'Content-Type': 'text/plain; charset=utf-8', 'Content-Length': '28'} 
 body=login_response_time value=44 
 </msg>
<msg time="2025-02-25T17:15:05.043534" level="INFO">POST Response : url=http://localhost:8086/api/v2/write?org=citi&amp;bucket=metrics_db&amp;precision=s 
 status=204, reason=No Content 
 headers={'X-Influxdb-Build': 'OSS', 'X-Influxdb-Version': 'v2.7.11', 'Date': 'Tue, 25 Feb 2025 23:15:05 GMT'} 
 body=None 
 </msg>
<msg time="2025-02-25T17:15:05.043534" level="INFO">${response} = &lt;Response [204]&gt;</msg>
<var>${response}</var>
<arg>url=http://localhost:8086/api/v2/write?org=citi&amp;bucket=metrics_db&amp;precision=s</arg>
<arg>headers=${headers}</arg>
<arg>data=${data}</arg>
<doc>Sends a POST request.</doc>
<status status="PASS" start="2025-02-25T17:15:05.020304" elapsed="0.023230"/>
</kw>
<kw name="Log To Console" owner="BuiltIn">
<arg>Respuesta de InfluxDB: ${response.status_code}</arg>
<doc>Logs the given message to the console.</doc>
<status status="PASS" start="2025-02-25T17:15:05.044528" elapsed="0.000990"/>
</kw>
<kw name="Should Be Equal As Numbers" owner="BuiltIn">
<msg time="2025-02-25T17:15:05.048029" level="INFO">Argument types are:
&lt;class 'int'&gt;
&lt;class 'str'&gt;</msg>
<arg>${response.status_code}</arg>
<arg>204</arg>
<arg>Fallo al enviar datos a InfluxDB</arg>
<doc>Fails if objects are unequal after converting them to real numbers.</doc>
<status status="PASS" start="2025-02-25T17:15:05.046519" elapsed="0.001510"/>
</kw>
<arg>${duration}</arg>
<arg>login_response_time</arg>
<status status="PASS" start="2025-02-25T17:15:05.016760" elapsed="0.031269"/>
</kw>
<status status="PASS" start="2025-02-25T17:14:21.637393" elapsed="43.411651"/>
</branch>
<branch type="EXCEPT" assign="${error}">
<kw name="Log To Console" owner="BuiltIn">
<arg>Error en el login: ${error}</arg>
<doc>Logs the given message to the console.</doc>
<status status="NOT RUN" start="2025-02-25T17:15:05.049044" elapsed="0.000000"/>
</kw>
<kw name="Log" owner="BuiltIn">
<arg>Error en el login: ${error}</arg>
<arg>level=ERROR</arg>
<doc>Logs the given message with the given level.</doc>
<status status="NOT RUN" start="2025-02-25T17:15:05.049044" elapsed="0.000000"/>
</kw>
<kw name="Capture Page Screenshot" owner="AppiumLibrary">
<doc>Takes a screenshot of the current page and embeds it into the log.</doc>
<status status="NOT RUN" start="2025-02-25T17:15:05.050561" elapsed="0.000108"/>
</kw>
<kw name="Fail" owner="BuiltIn">
<arg>El login falló: ${error}</arg>
<doc>Fails the test with the given message and optionally alters its tags.</doc>
<status status="NOT RUN" start="2025-02-25T17:15:05.050669" elapsed="0.000916"/>
</kw>
<status status="NOT RUN" start="2025-02-25T17:15:05.049044" elapsed="0.002541"/>
</branch>
<status status="PASS" start="2025-02-25T17:14:21.637393" elapsed="43.414192"/>
</try>
<arg>${usuario}</arg>
<arg>${contrasena}</arg>
<doc>Verifica login exitoso</doc>
<status status="PASS" start="2025-02-25T17:13:54.654540" elapsed="70.397045"/>
</kw>
<kw name="Retirar" owner="keyword_home">
<try>
<branch type="TRY">
<kw name="Wait Until Element Is Visible" owner="AppiumLibrary">
<arg>${BTNRETIRAR}</arg>
<doc>Waits until element specified with `locator` is visible.</doc>
<status status="PASS" start="2025-02-25T17:15:05.054570" elapsed="0.314718"/>
</kw>
<kw name="Click Element" owner="AppiumLibrary">
<msg time="2025-02-25T17:15:05.372305" level="INFO">Clicking element 'xpath=//android.widget.TextView[@text="Retirar"]'.</msg>
<arg>${BTNRETIRAR}</arg>
<doc>Click element identified by `locator`.</doc>
<status status="PASS" start="2025-02-25T17:15:05.370300" elapsed="0.357626"/>
</kw>
<kw name="Capture Page Screenshot" owner="AppiumLibrary">
<msg time="2025-02-25T17:15:06.344072" level="INFO" html="true">&lt;/td&gt;&lt;/tr&gt;&lt;tr&gt;&lt;td colspan="3"&gt;&lt;a href="appium-screenshot-10.png"&gt;&lt;img src="appium-screenshot-10.png" width="800px"&gt;&lt;/a&gt;</msg>
<doc>Takes a screenshot of the current page and embeds it into the log.</doc>
<status status="PASS" start="2025-02-25T17:15:05.728445" elapsed="0.616628"/>
</kw>
<status status="PASS" start="2025-02-25T17:15:05.053571" elapsed="1.291502"/>
</branch>
<branch type="EXCEPT" assign="${error}">
<kw name="Log To Console" owner="BuiltIn">
<arg>Error en la keyword: ${error}</arg>
<doc>Logs the given message to the console.</doc>
<status status="NOT RUN" start="2025-02-25T17:15:06.345073" elapsed="0.001004"/>
</kw>
<kw name="Log" owner="BuiltIn">
<arg>Error en la keyword: ${error}</arg>
<arg>level=ERROR</arg>
<doc>Logs the given message with the given level.</doc>
<status status="NOT RUN" start="2025-02-25T17:15:06.346077" elapsed="0.000000"/>
</kw>
<kw name="Capture Page Screenshot" owner="AppiumLibrary">
<doc>Takes a screenshot of the current page and embeds it into the log.</doc>
<status status="NOT RUN" start="2025-02-25T17:15:06.346077" elapsed="0.000000"/>
</kw>
<kw name="Fail" owner="BuiltIn">
<arg>Error en la keyword: ${error}</arg>
<doc>Fails the test with the given message and optionally alters its tags.</doc>
<status status="NOT RUN" start="2025-02-25T17:15:06.346077" elapsed="0.000998"/>
</kw>
<status status="NOT RUN" start="2025-02-25T17:15:06.345073" elapsed="0.002002"/>
</branch>
<status status="PASS" start="2025-02-25T17:15:05.053571" elapsed="1.293504"/>
</try>
<status status="PASS" start="2025-02-25T17:15:05.052570" elapsed="1.294505"/>
</kw>
<kw name="Close All Applications" owner="AppiumLibrary" type="TEARDOWN">
<doc>Closes all open applications.</doc>
<status status="PASS" start="2025-02-25T17:15:06.348071" elapsed="0.750965"/>
</kw>
<doc>Prueba: Entra a retiro de Cuenta</doc>
<tag>Prueba Consulta Retiro</tag>
<status status="PASS" start="2025-02-25T17:13:54.652996" elapsed="72.447039"/>
</test>
<test id="s1-t3" name="Valida envio" line="27">
<kw name="Login" owner="keyword_loggin">
<kw name="Cargar Configuración" owner="keyword_loggin">
<kw name="Get Env Variable" owner="config_manager">
<msg time="2025-02-25T17:15:07.106569" level="INFO">Cargando DEVICE_MODE: virtual</msg>
<msg time="2025-02-25T17:15:07.106569" level="INFO">${DEVICE_MODE} = virtual</msg>
<var>${DEVICE_MODE}</var>
<arg>DEVICE_MODE</arg>
<doc>Obtiene el valor de una variable de entorno desde .env</doc>
<status status="PASS" start="2025-02-25T17:15:07.105569" elapsed="0.001000"/>
</kw>
<kw name="Set Global Variable" owner="BuiltIn">
<msg time="2025-02-25T17:15:07.108146" level="INFO">${DEVICE_MODE} = virtual</msg>
<arg>${DEVICE_MODE}</arg>
<doc>Makes a variable available globally in all tests and suites.</doc>
<status status="PASS" start="2025-02-25T17:15:07.106569" elapsed="0.001577"/>
</kw>
<kw name="Log" owner="BuiltIn">
<msg time="2025-02-25T17:15:07.109097" level="INFO">Modo de ejecución: virtual</msg>
<arg>Modo de ejecución: ${DEVICE_MODE}</arg>
<doc>Logs the given message with the given level.</doc>
<status status="PASS" start="2025-02-25T17:15:07.108146" elapsed="0.000951"/>
</kw>
<return>
<value>${DEVICE_MODE}</value>
<status status="PASS" start="2025-02-25T17:15:07.109097" elapsed="0.000000"/>
</return>
<msg time="2025-02-25T17:15:07.109097" level="INFO">${DEVICE_MODE} = virtual</msg>
<var>${DEVICE_MODE}</var>
<status status="PASS" start="2025-02-25T17:15:07.104570" elapsed="0.004527"/>
</kw>
<if>
<branch type="IF" condition="'${DEVICE_MODE}' == 'fisico'">
<kw name="Log To Console" owner="BuiltIn">
<arg>Ejecución en físico: Iniciando aplicación manualmente</arg>
<doc>Logs the given message to the console.</doc>
<status status="NOT RUN" start="2025-02-25T17:15:07.110097" elapsed="0.000000"/>
</kw>
<kw name="Abrir Aplicación en Dispositivo" owner="keyword_loggin">
<doc>Abre la aplicación en el dispositivo especificado en el JSON.</doc>
<status status="NOT RUN" start="2025-02-25T17:15:07.110097" elapsed="0.001015"/>
</kw>
<status status="NOT RUN" start="2025-02-25T17:15:07.110097" elapsed="0.001015"/>
</branch>
<branch type="ELSE IF" condition="'${DEVICE_MODE}' == 'virtual'">
<kw name="Log To Console" owner="BuiltIn">
<arg>Ejecución en virtual: Aplicación ya iniciada</arg>
<doc>Logs the given message to the console.</doc>
<status status="PASS" start="2025-02-25T17:15:07.111112" elapsed="0.001005"/>
</kw>
<kw name="Abre aplicacion dispositivo virtual" owner="keyword_loggin">
<kw name="Get Time" owner="BuiltIn">
<msg time="2025-02-25T17:15:07.114110" level="INFO">${inicio} = 1740525307</msg>
<var>${inicio}</var>
<arg>epoch</arg>
<doc>Returns the given time in the requested format.</doc>
<status status="PASS" start="2025-02-25T17:15:07.114110" elapsed="0.000000"/>
</kw>
<kw name="Open Application" owner="AppiumLibrary">
<arg>${REMOTE_URL}</arg>
<arg>platformName=${PLATFORM_NAME}</arg>
<arg>deviceName=${DEVICE_NAME}</arg>
<arg>appPackage=${APP_PACKAGE}</arg>
<arg>appWaitActivity=${APP_WAIT_ACTIVITY}</arg>
<arg>appActivity=${APP_ACTIVITY}</arg>
<arg>automationName=UiAutomator2</arg>
<arg>implicitWait=6</arg>
<doc>Opens a new application to given Appium server.
Capabilities of appium server, Android and iOS,
Please check https://github.com/appium/appium/blob/master/docs/en/writing-running-appium/server-args.md
| *Option*            | *Man.* | *Description*     |
| remote_url          | Yes    | Appium server url |
| alias               | no     | alias             |</doc>
<status status="PASS" start="2025-02-25T17:15:07.115119" elapsed="11.899331"/>
</kw>
<kw name="Get Time" owner="BuiltIn">
<msg time="2025-02-25T17:15:19.015452" level="INFO">${fin} = 1740525319</msg>
<var>${fin}</var>
<arg>epoch</arg>
<doc>Returns the given time in the requested format.</doc>
<status status="PASS" start="2025-02-25T17:15:19.015452" elapsed="0.000998"/>
</kw>
<kw name="Evaluate" owner="BuiltIn">
<msg time="2025-02-25T17:15:19.017548" level="INFO">${tiempo} = 12</msg>
<var>${tiempo}</var>
<arg>${fin} - ${inicio}</arg>
<doc>Evaluates the given expression in Python and returns the result.</doc>
<status status="PASS" start="2025-02-25T17:15:19.016450" elapsed="0.002104"/>
</kw>
<kw name="Log To Console" owner="BuiltIn">
<arg>Tiempo de apertura: ${tiempo} segundos</arg>
<doc>Logs the given message to the console.</doc>
<status status="PASS" start="2025-02-25T17:15:19.018554" elapsed="0.001213"/>
</kw>
<kw name="Send Response Time To InfluxDB" owner="keyword_loggin">
<kw name="Create Dictionary" owner="BuiltIn">
<msg time="2025-02-25T17:15:19.022768" level="INFO">${headers} = {'Authorization': 'Token QKjnwMKmnHHl8S-oSXH9zNqwFpkFxenAC7K-6wQcQ5lxHQ6wwvbGq_tpHMTVTiFOOFl7Wa81jBP-4rd3Rne-og==', 'Content-Type': 'text/plain; charset=utf-8'}</msg>
<var>${headers}</var>
<arg>Authorization=Token QKjnwMKmnHHl8S-oSXH9zNqwFpkFxenAC7K-6wQcQ5lxHQ6wwvbGq_tpHMTVTiFOOFl7Wa81jBP-4rd3Rne-og==</arg>
<arg>Content-Type=text/plain; charset=utf-8</arg>
<doc>Creates and returns a dictionary based on the given ``items``.</doc>
<status status="PASS" start="2025-02-25T17:15:19.021769" elapsed="0.000999"/>
</kw>
<kw name="Set Variable" owner="BuiltIn">
<msg time="2025-02-25T17:15:19.024771" level="INFO">${data} = app_open_time value=12</msg>
<var>${data}</var>
<arg>${metrica} value=${duration}</arg>
<doc>Returns the given values which can then be assigned to a variables.</doc>
<status status="PASS" start="2025-02-25T17:15:19.023780" elapsed="0.000991"/>
</kw>
<kw name="POST" owner="RequestsLibrary">
<msg time="2025-02-25T17:15:19.052955" level="INFO">POST Request : url=http://localhost:8086/api/v2/write?org=citi&amp;bucket=metrics_db&amp;precision=s 
 path_url=/api/v2/write?org=citi&amp;bucket=metrics_db&amp;precision=s 
 headers={'User-Agent': 'python-requests/2.32.3', 'Accept-Encoding': 'gzip, deflate', 'Accept': '*/*', 'Connection': 'keep-alive', 'Authorization': 'Token QKjnwMKmnHHl8S-oSXH9zNqwFpkFxenAC7K-6wQcQ5lxHQ6wwvbGq_tpHMTVTiFOOFl7Wa81jBP-4rd3Rne-og==', 'Content-Type': 'text/plain; charset=utf-8', 'Content-Length': '22'} 
 body=app_open_time value=12 
 </msg>
<msg time="2025-02-25T17:15:19.053959" level="INFO">POST Response : url=http://localhost:8086/api/v2/write?org=citi&amp;bucket=metrics_db&amp;precision=s 
 status=204, reason=No Content 
 headers={'X-Influxdb-Build': 'OSS', 'X-Influxdb-Version': 'v2.7.11', 'Date': 'Tue, 25 Feb 2025 23:15:19 GMT'} 
 body=None 
 </msg>
<msg time="2025-02-25T17:15:19.053959" level="INFO">${response} = &lt;Response [204]&gt;</msg>
<var>${response}</var>
<arg>url=http://localhost:8086/api/v2/write?org=citi&amp;bucket=metrics_db&amp;precision=s</arg>
<arg>headers=${headers}</arg>
<arg>data=${data}</arg>
<doc>Sends a POST request.</doc>
<status status="PASS" start="2025-02-25T17:15:19.025794" elapsed="0.029155"/>
</kw>
<kw name="Log To Console" owner="BuiltIn">
<arg>Respuesta de InfluxDB: ${response.status_code}</arg>
<doc>Logs the given message to the console.</doc>
<status status="PASS" start="2025-02-25T17:15:19.054949" elapsed="0.001998"/>
</kw>
<kw name="Should Be Equal As Numbers" owner="BuiltIn">
<msg time="2025-02-25T17:15:19.059477" level="INFO">Argument types are:
&lt;class 'int'&gt;
&lt;class 'str'&gt;</msg>
<arg>${response.status_code}</arg>
<arg>204</arg>
<arg>Fallo al enviar datos a InfluxDB</arg>
<doc>Fails if objects are unequal after converting them to real numbers.</doc>
<status status="PASS" start="2025-02-25T17:15:19.056947" elapsed="0.002530"/>
</kw>
<arg>${tiempo}</arg>
<arg>app_open_time</arg>
<status status="PASS" start="2025-02-25T17:15:19.020764" elapsed="0.039721"/>
</kw>
<kw name="Wait Until Element Is Visible" owner="AppiumLibrary">
<arg>${ANIMATION}</arg>
<arg>30s</arg>
<doc>Waits until element specified with `locator` is visible.</doc>
<status status="PASS" start="2025-02-25T17:15:19.060485" elapsed="0.814312"/>
</kw>
<kw name="Sleep" owner="BuiltIn">
<msg time="2025-02-25T17:15:21.877030" level="INFO">Slept 2 seconds.</msg>
<arg>2s</arg>
<doc>Pauses the test executed for the given time.</doc>
<status status="PASS" start="2025-02-25T17:15:19.875792" elapsed="2.001238"/>
</kw>
<kw name="Capture Page Screenshot" owner="AppiumLibrary">
<msg time="2025-02-25T17:15:22.703526" level="INFO" html="true">&lt;/td&gt;&lt;/tr&gt;&lt;tr&gt;&lt;td colspan="3"&gt;&lt;a href="appium-screenshot-11.png"&gt;&lt;img src="appium-screenshot-11.png" width="800px"&gt;&lt;/a&gt;</msg>
<doc>Takes a screenshot of the current page and embeds it into the log.</doc>
<status status="PASS" start="2025-02-25T17:15:21.877030" elapsed="0.827491"/>
</kw>
<kw name="Sleep" owner="BuiltIn">
<msg time="2025-02-25T17:15:32.706802" level="INFO">Slept 10 seconds.</msg>
<arg>10s</arg>
<doc>Pauses the test executed for the given time.</doc>
<status status="PASS" start="2025-02-25T17:15:22.704521" elapsed="10.002281"/>
</kw>
<status status="PASS" start="2025-02-25T17:15:07.113110" elapsed="25.594700"/>
</kw>
<status status="PASS" start="2025-02-25T17:15:07.111112" elapsed="25.596698"/>
</branch>
<status status="PASS" start="2025-02-25T17:15:07.109097" elapsed="25.598713"/>
</if>
<kw name="Get Time" owner="BuiltIn">
<msg time="2025-02-25T17:15:32.708802" level="INFO">${start_time} = 1740525332</msg>
<var>${start_time}</var>
<arg>epoch</arg>
<doc>Returns the given time in the requested format.</doc>
<status status="PASS" start="2025-02-25T17:15:32.707810" elapsed="0.000992"/>
</kw>
<try>
<branch type="TRY">
<kw name="Log To Console" owner="BuiltIn">
<arg>Iniciando login...</arg>
<doc>Logs the given message to the console.</doc>
<status status="PASS" start="2025-02-25T17:15:32.709871" elapsed="0.001004"/>
</kw>
<kw name="Wait Until Element Is Visible" owner="AppiumLibrary">
<arg>${PERMISSIONS}</arg>
<arg>30s</arg>
<doc>Waits until element specified with `locator` is visible.</doc>
<status status="PASS" start="2025-02-25T17:15:32.710875" elapsed="0.755039"/>
</kw>
<kw name="Click Element" owner="AppiumLibrary">
<msg time="2025-02-25T17:15:33.468924" level="INFO">Clicking element 'xpath=//android.widget.Button[@text="While using the app"]'.</msg>
<arg>${PERMISSIONS}</arg>
<doc>Click element identified by `locator`.</doc>
<status status="PASS" start="2025-02-25T17:15:33.466929" elapsed="0.216637"/>
</kw>
<kw name="Sleep" owner="BuiltIn">
<msg time="2025-02-25T17:15:35.696379" level="INFO">Slept 2 seconds.</msg>
<arg>2s</arg>
<doc>Pauses the test executed for the given time.</doc>
<status status="PASS" start="2025-02-25T17:15:33.683566" elapsed="2.012813"/>
</kw>
<kw name="Capture Page Screenshot" owner="AppiumLibrary">
<msg time="2025-02-25T17:15:37.421788" level="INFO" html="true">&lt;/td&gt;&lt;/tr&gt;&lt;tr&gt;&lt;td colspan="3"&gt;&lt;a href="appium-screenshot-12.png"&gt;&lt;img src="appium-screenshot-12.png" width="800px"&gt;&lt;/a&gt;</msg>
<doc>Takes a screenshot of the current page and embeds it into the log.</doc>
<status status="PASS" start="2025-02-25T17:15:35.697396" elapsed="1.724392"/>
</kw>
<kw name="Wait Until Element Is Visible" owner="AppiumLibrary">
<arg>${BTNLOGGIN}</arg>
<arg>50s</arg>
<doc>Waits until element specified with `locator` is visible.</doc>
<status status="PASS" start="2025-02-25T17:15:37.422786" elapsed="0.489173"/>
</kw>
<kw name="Click Element" owner="AppiumLibrary">
<msg time="2025-02-25T17:15:37.913953" level="INFO">Clicking element 'xpath=//android.widget.TextView[@text="Login"]'.</msg>
<arg>${BTNLOGGIN}</arg>
<doc>Click element identified by `locator`.</doc>
<status status="PASS" start="2025-02-25T17:15:37.911959" elapsed="0.288552"/>
</kw>
<kw name="Capture Page Screenshot" owner="AppiumLibrary">
<msg time="2025-02-25T17:15:40.464621" level="INFO" html="true">&lt;/td&gt;&lt;/tr&gt;&lt;tr&gt;&lt;td colspan="3"&gt;&lt;a href="appium-screenshot-13.png"&gt;&lt;img src="appium-screenshot-13.png" width="800px"&gt;&lt;/a&gt;</msg>
<doc>Takes a screenshot of the current page and embeds it into the log.</doc>
<status status="PASS" start="2025-02-25T17:15:38.201506" elapsed="2.264119"/>
</kw>
<kw name="Sleep" owner="BuiltIn">
<msg time="2025-02-25T17:15:45.467457" level="INFO">Slept 5 seconds.</msg>
<arg>5s</arg>
<doc>Pauses the test executed for the given time.</doc>
<status status="PASS" start="2025-02-25T17:15:40.466135" elapsed="5.001322"/>
</kw>
<kw name="Wait Until Element Is Visible" owner="AppiumLibrary">
<arg>${TXTINPUTLOGGING}</arg>
<arg>10s</arg>
<doc>Waits until element specified with `locator` is visible.</doc>
<status status="PASS" start="2025-02-25T17:15:45.468463" elapsed="0.327403"/>
</kw>
<kw name="Get Webelement" owner="AppiumLibrary">
<arg>${TXTINPUTLOGGING}</arg>
<doc>Returns the first [http://selenium-python.readthedocs.io/api.html#module-selenium.webdriver.remote.webelement|WebElement] object matching ``locator``.</doc>
<status status="PASS" start="2025-02-25T17:15:45.796856" elapsed="0.297830"/>
</kw>
<kw name="Input Text" owner="AppiumLibrary">
<msg time="2025-02-25T17:15:46.097690" level="INFO">Typing text '2491618787' into text field 'xpath=//android.widget.EditText[@resource-id="undefined-input"]'</msg>
<arg>${TXTINPUTLOGGING}</arg>
<arg>${usuario}</arg>
<doc>Types the given `text` into text field identified by `locator`.</doc>
<status status="PASS" start="2025-02-25T17:15:46.095686" elapsed="1.202937"/>
</kw>
<kw name="Click Element" owner="AppiumLibrary">
<msg time="2025-02-25T17:15:47.301736" level="INFO">Clicking element 'xpath=//android.widget.TextView[@text="Continuar"]'.</msg>
<arg>${BTNCONTINUAR}</arg>
<doc>Click element identified by `locator`.</doc>
<status status="PASS" start="2025-02-25T17:15:47.298623" elapsed="1.409250"/>
</kw>
<kw name="Sleep" owner="BuiltIn">
<msg time="2025-02-25T17:15:53.722992" level="INFO">Slept 5 seconds.</msg>
<arg>5s</arg>
<doc>Pauses the test executed for the given time.</doc>
<status status="PASS" start="2025-02-25T17:15:48.709444" elapsed="5.013548"/>
</kw>
<kw name="Wait Until Element Is Visible" owner="AppiumLibrary">
<arg>${TXTINPUTLOGGING}</arg>
<arg>30s</arg>
<doc>Waits until element specified with `locator` is visible.</doc>
<status status="PASS" start="2025-02-25T17:15:53.723991" elapsed="0.264702"/>
</kw>
<kw name="Get Webelement" owner="AppiumLibrary">
<arg>${TXTINPUTLOGGING}</arg>
<doc>Returns the first [http://selenium-python.readthedocs.io/api.html#module-selenium.webdriver.remote.webelement|WebElement] object matching ``locator``.</doc>
<status status="PASS" start="2025-02-25T17:15:53.990205" elapsed="0.202704"/>
</kw>
<kw name="Input Text" owner="AppiumLibrary">
<msg time="2025-02-25T17:15:54.195889" level="INFO">Typing text 'Citi.321' into text field 'xpath=//android.widget.EditText[@resource-id="undefined-input"]'</msg>
<arg>${TXTINPUTLOGGING}</arg>
<arg>${contraseña}</arg>
<doc>Types the given `text` into text field identified by `locator`.</doc>
<status status="PASS" start="2025-02-25T17:15:54.193889" elapsed="0.269285"/>
</kw>
<kw name="Click Element" owner="AppiumLibrary">
<msg time="2025-02-25T17:15:54.468566" level="INFO">Clicking element 'xpath=//android.widget.ScrollView/android.view.ViewGroup/android.view.ViewGroup[6]/android.view.ViewGroup/android.view.ViewGroup/android.view.ViewGroup'.</msg>
<arg>${BTNINGRESAR}</arg>
<doc>Click element identified by `locator`.</doc>
<status status="PASS" start="2025-02-25T17:15:54.464190" elapsed="0.603012"/>
</kw>
<kw name="Sleep" owner="BuiltIn">
<msg time="2025-02-25T17:16:15.077456" level="INFO">Slept 20 seconds.</msg>
<arg>20s</arg>
<doc>Pauses the test executed for the given time.</doc>
<status status="PASS" start="2025-02-25T17:15:55.068206" elapsed="20.010254"/>
</kw>
<kw name="Capture Page Screenshot" owner="AppiumLibrary">
<msg time="2025-02-25T17:16:15.507413" level="INFO" html="true">&lt;/td&gt;&lt;/tr&gt;&lt;tr&gt;&lt;td colspan="3"&gt;&lt;a href="appium-screenshot-14.png"&gt;&lt;img src="appium-screenshot-14.png" width="800px"&gt;&lt;/a&gt;</msg>
<doc>Takes a screenshot of the current page and embeds it into the log.</doc>
<status status="PASS" start="2025-02-25T17:16:15.078460" elapsed="0.429953"/>
</kw>
<kw name="Get Time" owner="BuiltIn">
<msg time="2025-02-25T17:16:15.509418" level="INFO">${end_time} = 1740525375</msg>
<var>${end_time}</var>
<arg>epoch</arg>
<doc>Returns the given time in the requested format.</doc>
<status status="PASS" start="2025-02-25T17:16:15.508413" elapsed="0.001005"/>
</kw>
<kw name="Evaluate" owner="BuiltIn">
<msg time="2025-02-25T17:16:15.510420" level="INFO">${duration} = 43</msg>
<var>${duration}</var>
<arg>${end_time} - ${start_time}</arg>
<doc>Evaluates the given expression in Python and returns the result.</doc>
<status status="PASS" start="2025-02-25T17:16:15.510420" elapsed="0.000000"/>
</kw>
<kw name="Log To Console" owner="BuiltIn">
<arg>Login exitoso en ${duration} segundos</arg>
<doc>Logs the given message to the console.</doc>
<status status="PASS" start="2025-02-25T17:16:15.511905" elapsed="0.001008"/>
</kw>
<kw name="Send Response Time To InfluxDB" owner="keyword_loggin">
<kw name="Create Dictionary" owner="BuiltIn">
<msg time="2025-02-25T17:16:15.515442" level="INFO">${headers} = {'Authorization': 'Token QKjnwMKmnHHl8S-oSXH9zNqwFpkFxenAC7K-6wQcQ5lxHQ6wwvbGq_tpHMTVTiFOOFl7Wa81jBP-4rd3Rne-og==', 'Content-Type': 'text/plain; charset=utf-8'}</msg>
<var>${headers}</var>
<arg>Authorization=Token QKjnwMKmnHHl8S-oSXH9zNqwFpkFxenAC7K-6wQcQ5lxHQ6wwvbGq_tpHMTVTiFOOFl7Wa81jBP-4rd3Rne-og==</arg>
<arg>Content-Type=text/plain; charset=utf-8</arg>
<doc>Creates and returns a dictionary based on the given ``items``.</doc>
<status status="PASS" start="2025-02-25T17:16:15.514431" elapsed="0.001011"/>
</kw>
<kw name="Set Variable" owner="BuiltIn">
<msg time="2025-02-25T17:16:15.515442" level="INFO">${data} = login_response_time value=43</msg>
<var>${data}</var>
<arg>${metrica} value=${duration}</arg>
<doc>Returns the given values which can then be assigned to a variables.</doc>
<status status="PASS" start="2025-02-25T17:16:15.515442" elapsed="0.000000"/>
</kw>
<kw name="POST" owner="RequestsLibrary">
<msg time="2025-02-25T17:16:15.534073" level="INFO">POST Request : url=http://localhost:8086/api/v2/write?org=citi&amp;bucket=metrics_db&amp;precision=s 
 path_url=/api/v2/write?org=citi&amp;bucket=metrics_db&amp;precision=s 
 headers={'User-Agent': 'python-requests/2.32.3', 'Accept-Encoding': 'gzip, deflate', 'Accept': '*/*', 'Connection': 'keep-alive', 'Authorization': 'Token QKjnwMKmnHHl8S-oSXH9zNqwFpkFxenAC7K-6wQcQ5lxHQ6wwvbGq_tpHMTVTiFOOFl7Wa81jBP-4rd3Rne-og==', 'Content-Type': 'text/plain; charset=utf-8', 'Content-Length': '28'} 
 body=login_response_time value=43 
 </msg>
<msg time="2025-02-25T17:16:15.534073" level="INFO">POST Response : url=http://localhost:8086/api/v2/write?org=citi&amp;bucket=metrics_db&amp;precision=s 
 status=204, reason=No Content 
 headers={'X-Influxdb-Build': 'OSS', 'X-Influxdb-Version': 'v2.7.11', 'Date': 'Tue, 25 Feb 2025 23:16:15 GMT'} 
 body=None 
 </msg>
<msg time="2025-02-25T17:16:15.534073" level="INFO">${response} = &lt;Response [204]&gt;</msg>
<var>${response}</var>
<arg>url=http://localhost:8086/api/v2/write?org=citi&amp;bucket=metrics_db&amp;precision=s</arg>
<arg>headers=${headers}</arg>
<arg>data=${data}</arg>
<doc>Sends a POST request.</doc>
<status status="PASS" start="2025-02-25T17:16:15.516444" elapsed="0.018631"/>
</kw>
<kw name="Log To Console" owner="BuiltIn">
<arg>Respuesta de InfluxDB: ${response.status_code}</arg>
<doc>Logs the given message to the console.</doc>
<status status="PASS" start="2025-02-25T17:16:15.535075" elapsed="0.002996"/>
</kw>
<kw name="Should Be Equal As Numbers" owner="BuiltIn">
<msg time="2025-02-25T17:16:15.540678" level="INFO">Argument types are:
&lt;class 'int'&gt;
&lt;class 'str'&gt;</msg>
<arg>${response.status_code}</arg>
<arg>204</arg>
<arg>Fallo al enviar datos a InfluxDB</arg>
<doc>Fails if objects are unequal after converting them to real numbers.</doc>
<status status="PASS" start="2025-02-25T17:16:15.539071" elapsed="0.001607"/>
</kw>
<arg>${duration}</arg>
<arg>login_response_time</arg>
<status status="PASS" start="2025-02-25T17:16:15.512913" elapsed="0.027765"/>
</kw>
<status status="PASS" start="2025-02-25T17:15:32.708802" elapsed="42.832800"/>
</branch>
<branch type="EXCEPT" assign="${error}">
<kw name="Log To Console" owner="BuiltIn">
<arg>Error en el login: ${error}</arg>
<doc>Logs the given message to the console.</doc>
<status status="NOT RUN" start="2025-02-25T17:16:15.541602" elapsed="0.000000"/>
</kw>
<kw name="Log" owner="BuiltIn">
<arg>Error en el login: ${error}</arg>
<arg>level=ERROR</arg>
<doc>Logs the given message with the given level.</doc>
<status status="NOT RUN" start="2025-02-25T17:16:15.542608" elapsed="0.000000"/>
</kw>
<kw name="Capture Page Screenshot" owner="AppiumLibrary">
<doc>Takes a screenshot of the current page and embeds it into the log.</doc>
<status status="NOT RUN" start="2025-02-25T17:16:15.542608" elapsed="0.000000"/>
</kw>
<kw name="Fail" owner="BuiltIn">
<arg>El login falló: ${error}</arg>
<doc>Fails the test with the given message and optionally alters its tags.</doc>
<status status="NOT RUN" start="2025-02-25T17:16:15.542608" elapsed="0.001000"/>
</kw>
<status status="NOT RUN" start="2025-02-25T17:16:15.541602" elapsed="0.002006"/>
</branch>
<status status="PASS" start="2025-02-25T17:15:32.708802" elapsed="42.834806"/>
</try>
<arg>${usuario}</arg>
<arg>${contrasena}</arg>
<doc>Verifica login exitoso</doc>
<status status="PASS" start="2025-02-25T17:15:07.103563" elapsed="68.440045"/>
</kw>
<kw name="Enviar dinero cuenta guardada" owner="keyword_cuenta">
<try>
<branch type="TRY">
<kw name="Get Time" owner="BuiltIn">
<msg time="2025-02-25T17:16:15.546608" level="INFO">${inicio} = 1740525375</msg>
<var>${inicio}</var>
<arg>epoch</arg>
<doc>Returns the given time in the requested format.</doc>
<status status="PASS" start="2025-02-25T17:16:15.545604" elapsed="0.001004"/>
</kw>
<kw name="Wait Until Element Is Visible" owner="AppiumLibrary">
<arg>${BTNCUENTA}</arg>
<arg>30S</arg>
<doc>Waits until element specified with `locator` is visible.</doc>
<status status="PASS" start="2025-02-25T17:16:15.546608" elapsed="0.320658"/>
</kw>
<kw name="Get Webelement" owner="AppiumLibrary">
<arg>${BTNCUENTA}</arg>
<doc>Returns the first [http://selenium-python.readthedocs.io/api.html#module-selenium.webdriver.remote.webelement|WebElement] object matching ``locator``.</doc>
<status status="PASS" start="2025-02-25T17:16:15.868270" elapsed="0.206731"/>
</kw>
<kw name="Click Element" owner="AppiumLibrary">
<msg time="2025-02-25T17:16:16.079001" level="INFO">Clicking element 'xpath=//android.view.ViewGroup[@resource-id="icon-container"]'.</msg>
<arg>${BTNCUENTA}</arg>
<doc>Click element identified by `locator`.</doc>
<status status="PASS" start="2025-02-25T17:16:16.076001" elapsed="1.744800"/>
</kw>
<kw name="Wait Until Element Is Visible" owner="AppiumLibrary">
<arg>${BTNENVIARDINERO}</arg>
<arg>30s</arg>
<doc>Waits until element specified with `locator` is visible.</doc>
<status status="PASS" start="2025-02-25T17:16:17.820801" elapsed="2.243479"/>
</kw>
<kw name="Click Element" owner="AppiumLibrary">
<msg time="2025-02-25T17:16:20.067293" level="INFO">Clicking element 'xpath= (//android.widget.TextView[@text=""])[1]'.</msg>
<arg>${BTNENVIARDINERO}</arg>
<doc>Click element identified by `locator`.</doc>
<status status="PASS" start="2025-02-25T17:16:20.065318" elapsed="0.495356"/>
</kw>
<kw name="Capture Page Screenshot" owner="AppiumLibrary">
<msg time="2025-02-25T17:16:21.251680" level="INFO" html="true">&lt;/td&gt;&lt;/tr&gt;&lt;tr&gt;&lt;td colspan="3"&gt;&lt;a href="appium-screenshot-15.png"&gt;&lt;img src="appium-screenshot-15.png" width="800px"&gt;&lt;/a&gt;</msg>
<doc>Takes a screenshot of the current page and embeds it into the log.</doc>
<status status="PASS" start="2025-02-25T17:16:20.560674" elapsed="0.692015"/>
</kw>
<kw name="Wait Until Element Is Visible" owner="AppiumLibrary">
<arg>${BTNACCOUNTEXISTENVIO}</arg>
<arg>30s</arg>
<doc>Waits until element specified with `locator` is visible.</doc>
<status status="PASS" start="2025-02-25T17:16:21.253680" elapsed="3.825457"/>
</kw>
<kw name="Click Element" owner="AppiumLibrary">
<msg time="2025-02-25T17:16:25.081663" level="INFO">Clicking element 'xpath=(//android.view.ViewGroup[@resource-id="undefined-touchable"])[1]/android.view.ViewGroup/android.view.ViewGroup/android.view.ViewGroup[1]/com.horcrux.svg.SvgView/com.horcrux.svg.GroupView/com.horcrux.svg.PathView'.</msg>
<arg>${BTNACCOUNTEXISTENVIO}</arg>
<doc>Click element identified by `locator`.</doc>
<status status="PASS" start="2025-02-25T17:16:25.079137" elapsed="0.255806"/>
</kw>
<kw name="Wait Until Element Is Visible" owner="AppiumLibrary">
<arg>${TXTAMOUNT}</arg>
<arg>30s</arg>
<doc>Waits until element specified with `locator` is visible.</doc>
<status status="PASS" start="2025-02-25T17:16:25.335949" elapsed="0.976963"/>
</kw>
<kw name="Input Text" owner="AppiumLibrary">
<msg time="2025-02-25T17:16:26.316057" level="INFO">Typing text '100' into text field 'xpath=//android.widget.EditText[@text="0.00"]'</msg>
<arg>${TXTAMOUNT}</arg>
<arg>${cantidad}</arg>
<doc>Types the given `text` into text field identified by `locator`.</doc>
<status status="PASS" start="2025-02-25T17:16:26.313915" elapsed="0.900673"/>
</kw>
<kw name="Start Log Session" owner="otp_extractor">
<msg time="2025-02-25T17:16:28.605421" level="INFO">Cargando REMOTE:
✅ Sesión iniciada. Esperando OTP en Robot Framework...</msg>
<doc>Ejecuta el comando remoto en el servidor y mantiene la sesión activa,
guardando los logs en obtiene.log hasta que Robot envíe la OTP.</doc>
<status status="PASS" start="2025-02-25T17:16:27.214588" elapsed="1.390833"/>
</kw>
<kw name="Click Element" owner="AppiumLibrary">
<msg time="2025-02-25T17:16:28.609387" level="INFO">Clicking element 'xpath=//android.widget.TextView[@text="Continuar"]'.</msg>
<arg>${BTNCONTINUAR}</arg>
<doc>Click element identified by `locator`.</doc>
<status status="PASS" start="2025-02-25T17:16:28.606384" elapsed="0.405781"/>
</kw>
<kw name="Wait Until Element Is Visible" owner="AppiumLibrary">
<arg>${VIEWOTP}</arg>
<doc>Waits until element specified with `locator` is visible.</doc>
<status status="PASS" start="2025-02-25T17:16:29.013678" elapsed="3.795922"/>
</kw>
<kw name="Stop Log Session" owner="otp_extractor">
<msg time="2025-02-25T17:16:33.804474" level="INFO">Cargando REMOTE_HOST: 98.83.10.8
Cargando USERNAME: ubuntu
Cargando PEM_FILE: C:\\Users\\Victor\\Documents\\workspace\\project-automation-imoney\\iMony\\config\\EC2MiddlewareDEV.pem
✅ Sesión cerrada y log eliminado.</msg>
<doc>Cierra la sesión en el servidor y elimina el archivo obtiene.log.</doc>
[...]
<status status="PASS" start="2025-02-25T17:27:06.619932" elapsed="0.719271"/>
</kw>
<kw name="Sleep" owner="BuiltIn">
<msg time="2025-02-25T17:27:09.343215" level="INFO">Slept 2 seconds.</msg>
<arg>2s</arg>
<doc>Pauses the test executed for the given time.</doc>
<status status="PASS" start="2025-02-25T17:27:07.340199" elapsed="2.003536"/>
</kw>
<kw name="Capture Page Screenshot" owner="AppiumLibrary">
<msg time="2025-02-25T17:27:10.074211" level="INFO" html="true">&lt;/td&gt;&lt;/tr&gt;&lt;tr&gt;&lt;td colspan="3"&gt;&lt;a href="appium-screenshot-64.png"&gt;&lt;img src="appium-screenshot-64.png" width="800px"&gt;&lt;/a&gt;</msg>
<doc>Takes a screenshot of the current page and embeds it into the log.</doc>
<status status="PASS" start="2025-02-25T17:27:09.343735" elapsed="0.731475"/>
</kw>
<kw name="Sleep" owner="BuiltIn">
<msg time="2025-02-25T17:27:20.084589" level="INFO">Slept 10 seconds.</msg>
<arg>10s</arg>
<doc>Pauses the test executed for the given time.</doc>
<status status="PASS" start="2025-02-25T17:27:10.076212" elapsed="10.008377"/>
</kw>
<status status="PASS" start="2025-02-25T17:26:55.269718" elapsed="24.815882"/>
</kw>
<status status="PASS" start="2025-02-25T17:26:55.267725" elapsed="24.817875"/>
</branch>
<status status="PASS" start="2025-02-25T17:26:55.265717" elapsed="24.819883"/>
</if>
<kw name="Get Time" owner="BuiltIn">
<msg time="2025-02-25T17:27:20.086589" level="INFO">${start_time} = 1740526040</msg>
<var>${start_time}</var>
<arg>epoch</arg>
<doc>Returns the given time in the requested format.</doc>
<status status="PASS" start="2025-02-25T17:27:20.085600" elapsed="0.000989"/>
</kw>
<try>
<branch type="TRY">
<kw name="Log To Console" owner="BuiltIn">
<arg>Iniciando login...</arg>
<doc>Logs the given message to the console.</doc>
<status status="PASS" start="2025-02-25T17:27:20.087588" elapsed="0.000518"/>
</kw>
<kw name="Wait Until Element Is Visible" owner="AppiumLibrary">
<arg>${PERMISSIONS}</arg>
<arg>30s</arg>
<doc>Waits until element specified with `locator` is visible.</doc>
<status status="PASS" start="2025-02-25T17:27:20.088106" elapsed="0.640611"/>
</kw>
<kw name="Click Element" owner="AppiumLibrary">
<msg time="2025-02-25T17:27:20.733231" level="INFO">Clicking element 'xpath=//android.widget.Button[@text="While using the app"]'.</msg>
<arg>${PERMISSIONS}</arg>
<doc>Click element identified by `locator`.</doc>
<status status="PASS" start="2025-02-25T17:27:20.730717" elapsed="0.262569"/>
</kw>
<kw name="Sleep" owner="BuiltIn">
<msg time="2025-02-25T17:27:23.009079" level="INFO">Slept 2 seconds.</msg>
<arg>2s</arg>
<doc>Pauses the test executed for the given time.</doc>
<status status="PASS" start="2025-02-25T17:27:20.994301" elapsed="2.014778"/>
</kw>
<kw name="Capture Page Screenshot" owner="AppiumLibrary">
<msg time="2025-02-25T17:27:24.426993" level="INFO" html="true">&lt;/td&gt;&lt;/tr&gt;&lt;tr&gt;&lt;td colspan="3"&gt;&lt;a href="appium-screenshot-65.png"&gt;&lt;img src="appium-screenshot-65.png" width="800px"&gt;&lt;/a&gt;</msg>
<doc>Takes a screenshot of the current page and embeds it into the log.</doc>
<status status="PASS" start="2025-02-25T17:27:23.009079" elapsed="1.418922"/>
</kw>
<kw name="Wait Until Element Is Visible" owner="AppiumLibrary">
<arg>${BTNLOGGIN}</arg>
<arg>50s</arg>
<doc>Waits until element specified with `locator` is visible.</doc>
<status status="PASS" start="2025-02-25T17:27:24.428001" elapsed="0.211331"/>
</kw>
<kw name="Click Element" owner="AppiumLibrary">
<msg time="2025-02-25T17:27:24.642329" level="INFO">Clicking element 'xpath=//android.widget.TextView[@text="Login"]'.</msg>
<arg>${BTNLOGGIN}</arg>
<doc>Click element identified by `locator`.</doc>
<status status="PASS" start="2025-02-25T17:27:24.640338" elapsed="0.254847"/>
</kw>
<kw name="Capture Page Screenshot" owner="AppiumLibrary">
<msg time="2025-02-25T17:27:26.631492" level="INFO" html="true">&lt;/td&gt;&lt;/tr&gt;&lt;tr&gt;&lt;td colspan="3"&gt;&lt;a href="appium-screenshot-66.png"&gt;&lt;img src="appium-screenshot-66.png" width="800px"&gt;&lt;/a&gt;</msg>
<doc>Takes a screenshot of the current page and embeds it into the log.</doc>
<status status="PASS" start="2025-02-25T17:27:24.896198" elapsed="1.736291"/>
</kw>
<kw name="Sleep" owner="BuiltIn">
<msg time="2025-02-25T17:27:31.644605" level="INFO">Slept 5 seconds.</msg>
<arg>5s</arg>
<doc>Pauses the test executed for the given time.</doc>
<status status="PASS" start="2025-02-25T17:27:26.632489" elapsed="5.012116"/>
</kw>
<kw name="Wait Until Element Is Visible" owner="AppiumLibrary">
<arg>${TXTINPUTLOGGING}</arg>
<arg>10s</arg>
<doc>Waits until element specified with `locator` is visible.</doc>
<status status="PASS" start="2025-02-25T17:27:31.645603" elapsed="0.249152"/>
</kw>
<kw name="Get Webelement" owner="AppiumLibrary">
<arg>${TXTINPUTLOGGING}</arg>
<doc>Returns the first [http://selenium-python.readthedocs.io/api.html#module-selenium.webdriver.remote.webelement|WebElement] object matching ``locator``.</doc>
<status status="PASS" start="2025-02-25T17:27:31.894755" elapsed="0.159841"/>
</kw>
<kw name="Input Text" owner="AppiumLibrary">
<msg time="2025-02-25T17:27:32.057596" level="INFO">Typing text '2491615184' into text field 'xpath=//android.widget.EditText[@resource-id="undefined-input"]'</msg>
<arg>${TXTINPUTLOGGING}</arg>
<arg>${usuario}</arg>
<doc>Types the given `text` into text field identified by `locator`.</doc>
<status status="PASS" start="2025-02-25T17:27:32.055590" elapsed="1.041946"/>
</kw>
<kw name="Click Element" owner="AppiumLibrary">
<msg time="2025-02-25T17:27:33.101530" level="INFO">Clicking element 'xpath=//android.widget.TextView[@text="Continuar"]'.</msg>
<arg>${BTNCONTINUAR}</arg>
<doc>Click element identified by `locator`.</doc>
<status status="PASS" start="2025-02-25T17:27:33.098524" elapsed="1.023460"/>
</kw>
<kw name="Sleep" owner="BuiltIn">
<msg time="2025-02-25T17:27:39.130089" level="INFO">Slept 5 seconds.</msg>
<arg>5s</arg>
<doc>Pauses the test executed for the given time.</doc>
<status status="PASS" start="2025-02-25T17:27:34.123008" elapsed="5.007081"/>
</kw>
<kw name="Wait Until Element Is Visible" owner="AppiumLibrary">
<arg>${TXTINPUTLOGGING}</arg>
<arg>30s</arg>
<doc>Waits until element specified with `locator` is visible.</doc>
<status status="PASS" start="2025-02-25T17:27:39.130089" elapsed="0.235617"/>
</kw>
<kw name="Get Webelement" owner="AppiumLibrary">
<arg>${TXTINPUTLOGGING}</arg>
<doc>Returns the first [http://selenium-python.readthedocs.io/api.html#module-selenium.webdriver.remote.webelement|WebElement] object matching ``locator``.</doc>
<status status="PASS" start="2025-02-25T17:27:39.366696" elapsed="0.153211"/>
</kw>
<kw name="Input Text" owner="AppiumLibrary">
<msg time="2025-02-25T17:27:39.523918" level="INFO">Typing text 'Citi.321' into text field 'xpath=//android.widget.EditText[@resource-id="undefined-input"]'</msg>
<arg>${TXTINPUTLOGGING}</arg>
<arg>${contraseña}</arg>
<doc>Types the given `text` into text field identified by `locator`.</doc>
<status status="PASS" start="2025-02-25T17:27:39.520297" elapsed="0.233727"/>
</kw>
<kw name="Click Element" owner="AppiumLibrary">
<msg time="2025-02-25T17:27:39.757893" level="INFO">Clicking element 'xpath=//android.widget.ScrollView/android.view.ViewGroup/android.view.ViewGroup[6]/android.view.ViewGroup/android.view.ViewGroup/android.view.ViewGroup'.</msg>
<arg>${BTNINGRESAR}</arg>
<doc>Click element identified by `locator`.</doc>
<status status="PASS" start="2025-02-25T17:27:39.754882" elapsed="1.184038"/>
</kw>
<kw name="Sleep" owner="BuiltIn">
<msg time="2025-02-25T17:28:00.943008" level="INFO">Slept 20 seconds.</msg>
<arg>20s</arg>
<doc>Pauses the test executed for the given time.</doc>
<status status="PASS" start="2025-02-25T17:27:40.939919" elapsed="20.003089"/>
</kw>
<kw name="Capture Page Screenshot" owner="AppiumLibrary">
<msg time="2025-02-25T17:28:01.327990" level="INFO" html="true">&lt;/td&gt;&lt;/tr&gt;&lt;tr&gt;&lt;td colspan="3"&gt;&lt;a href="appium-screenshot-67.png"&gt;&lt;img src="appium-screenshot-67.png" width="800px"&gt;&lt;/a&gt;</msg>
<doc>Takes a screenshot of the current page and embeds it into the log.</doc>
<status status="PASS" start="2025-02-25T17:28:00.944008" elapsed="0.384983"/>
</kw>
<kw name="Get Time" owner="BuiltIn">
<msg time="2025-02-25T17:28:01.329995" level="INFO">${end_time} = 1740526081</msg>
<var>${end_time}</var>
<arg>epoch</arg>
<doc>Returns the given time in the requested format.</doc>
<status status="PASS" start="2025-02-25T17:28:01.328991" elapsed="0.001004"/>
</kw>
<kw name="Evaluate" owner="BuiltIn">
<msg time="2025-02-25T17:28:01.330993" level="INFO">${duration} = 41</msg>
<var>${duration}</var>
<arg>${end_time} - ${start_time}</arg>
<doc>Evaluates the given expression in Python and returns the result.</doc>
<status status="PASS" start="2025-02-25T17:28:01.329995" elapsed="0.000998"/>
</kw>
<kw name="Log To Console" owner="BuiltIn">
<arg>Login exitoso en ${duration} segundos</arg>
<doc>Logs the given message to the console.</doc>
<status status="PASS" start="2025-02-25T17:28:01.332001" elapsed="0.000991"/>
</kw>
<kw name="Send Response Time To InfluxDB" owner="keyword_loggin">
<kw name="Create Dictionary" owner="BuiltIn">
<msg time="2025-02-25T17:28:01.335518" level="INFO">${headers} = {'Authorization': 'Token QKjnwMKmnHHl8S-oSXH9zNqwFpkFxenAC7K-6wQcQ5lxHQ6wwvbGq_tpHMTVTiFOOFl7Wa81jBP-4rd3Rne-og==', 'Content-Type': 'text/plain; charset=utf-8'}</msg>
<var>${headers}</var>
<arg>Authorization=Token QKjnwMKmnHHl8S-oSXH9zNqwFpkFxenAC7K-6wQcQ5lxHQ6wwvbGq_tpHMTVTiFOOFl7Wa81jBP-4rd3Rne-og==</arg>
<arg>Content-Type=text/plain; charset=utf-8</arg>
<doc>Creates and returns a dictionary based on the given ``items``.</doc>
<status status="PASS" start="2025-02-25T17:28:01.334999" elapsed="0.000519"/>
</kw>
<kw name="Set Variable" owner="BuiltIn">
<msg time="2025-02-25T17:28:01.336025" level="INFO">${data} = login_response_time value=41</msg>
<var>${data}</var>
<arg>${metrica} value=${duration}</arg>
<doc>Returns the given values which can then be assigned to a variables.</doc>
<status status="PASS" start="2025-02-25T17:28:01.336025" elapsed="0.000000"/>
</kw>
<kw name="POST" owner="RequestsLibrary">
<msg time="2025-02-25T17:28:01.353069" level="INFO">POST Request : url=http://localhost:8086/api/v2/write?org=citi&amp;bucket=metrics_db&amp;precision=s 
 path_url=/api/v2/write?org=citi&amp;bucket=metrics_db&amp;precision=s 
 headers={'User-Agent': 'python-requests/2.32.3', 'Accept-Encoding': 'gzip, deflate', 'Accept': '*/*', 'Connection': 'keep-alive', 'Authorization': 'Token QKjnwMKmnHHl8S-oSXH9zNqwFpkFxenAC7K-6wQcQ5lxHQ6wwvbGq_tpHMTVTiFOOFl7Wa81jBP-4rd3Rne-og==', 'Content-Type': 'text/plain; charset=utf-8', 'Content-Length': '28'} 
 body=login_response_time value=41 
 </msg>
<msg time="2025-02-25T17:28:01.354080" level="INFO">POST Response : url=http://localhost:8086/api/v2/write?org=citi&amp;bucket=metrics_db&amp;precision=s 
 status=204, reason=No Content 
 headers={'X-Influxdb-Build': 'OSS', 'X-Influxdb-Version': 'v2.7.11', 'Date': 'Tue, 25 Feb 2025 23:28:01 GMT'} 
 body=None 
 </msg>
<msg time="2025-02-25T17:28:01.354080" level="INFO">${response} = &lt;Response [204]&gt;</msg>
<var>${response}</var>
<arg>url=http://localhost:8086/api/v2/write?org=citi&amp;bucket=metrics_db&amp;precision=s</arg>
<arg>headers=${headers}</arg>
<arg>data=${data}</arg>
<doc>Sends a POST request.</doc>
<status status="PASS" start="2025-02-25T17:28:01.337037" elapsed="0.017549"/>
</kw>
<kw name="Log To Console" owner="BuiltIn">
<arg>Respuesta de InfluxDB: ${response.status_code}</arg>
<doc>Logs the given message to the console.</doc>
<status status="PASS" start="2025-02-25T17:28:01.354586" elapsed="0.001011"/>
</kw>
<kw name="Should Be Equal As Numbers" owner="BuiltIn">
<msg time="2025-02-25T17:28:01.357619" level="INFO">Argument types are:
&lt;class 'int'&gt;
&lt;class 'str'&gt;</msg>
<arg>${response.status_code}</arg>
<arg>204</arg>
<arg>Fallo al enviar datos a InfluxDB</arg>
<doc>Fails if objects are unequal after converting them to real numbers.</doc>
<status status="PASS" start="2025-02-25T17:28:01.356606" elapsed="0.002010"/>
</kw>
<arg>${duration}</arg>
<arg>login_response_time</arg>
<status status="PASS" start="2025-02-25T17:28:01.333990" elapsed="0.024626"/>
</kw>
<status status="PASS" start="2025-02-25T17:27:20.086589" elapsed="41.272027"/>
</branch>
<branch type="EXCEPT" assign="${error}">
<kw name="Log To Console" owner="BuiltIn">
<arg>Error en el login: ${error}</arg>
<doc>Logs the given message to the console.</doc>
<status status="NOT RUN" start="2025-02-25T17:28:01.358616" elapsed="0.001006"/>
</kw>
<kw name="Log" owner="BuiltIn">
<arg>Error en el login: ${error}</arg>
<arg>level=ERROR</arg>
<doc>Logs the given message with the given level.</doc>
<status status="NOT RUN" start="2025-02-25T17:28:01.359622" elapsed="0.000000"/>
</kw>
<kw name="Capture Page Screenshot" owner="AppiumLibrary">
<doc>Takes a screenshot of the current page and embeds it into the log.</doc>
<status status="NOT RUN" start="2025-02-25T17:28:01.359622" elapsed="0.000000"/>
</kw>
<kw name="Fail" owner="BuiltIn">
<arg>El login falló: ${error}</arg>
<doc>Fails the test with the given message and optionally alters its tags.</doc>
<status status="NOT RUN" start="2025-02-25T17:28:01.359622" elapsed="0.001003"/>
</kw>
<status status="NOT RUN" start="2025-02-25T17:28:01.358616" elapsed="0.002009"/>
</branch>
<status status="PASS" start="2025-02-25T17:27:20.086589" elapsed="41.274036"/>
</try>
<arg>2491615184</arg>
<arg>Citi.321</arg>
<doc>Verifica login exitoso</doc>
<status status="PASS" start="2025-02-25T17:26:55.258178" elapsed="66.102447"/>
</kw>
<kw name="Menu Ayuda" owner="keyword_menu">
<try>
<branch type="TRY">
<kw name="Wait Until Element Is Visible" owner="AppiumLibrary">
<arg>${BTNMENU}</arg>
<doc>Waits until element specified with `locator` is visible.</doc>
<status status="PASS" start="2025-02-25T17:28:01.363622" elapsed="0.226343"/>
</kw>
<kw name="Click Element" owner="AppiumLibrary">
<msg time="2025-02-25T17:28:01.592970" level="INFO">Clicking element 'xpath=//android.widget.TextView[@text=""]'.</msg>
<arg>${BTNMENU}</arg>
<doc>Click element identified by `locator`.</doc>
<status status="PASS" start="2025-02-25T17:28:01.590962" elapsed="0.246316"/>
</kw>
<kw name="Wait Until Element Is Visible" owner="AppiumLibrary">
<arg>xpath=//android.widget.TextView[@text="Ayuda"]</arg>
<arg>10s</arg>
<doc>Waits until element specified with `locator` is visible.</doc>
<status status="PASS" start="2025-02-25T17:28:01.838281" elapsed="1.561955"/>
</kw>
<kw name="Click Element" owner="AppiumLibrary">
<msg time="2025-02-25T17:28:03.402758" level="INFO">Clicking element 'xpath=//android.widget.TextView[@text="Ayuda"]'.</msg>
<arg>xpath=//android.widget.TextView[@text="Ayuda"]</arg>
<doc>Click element identified by `locator`.</doc>
<status status="PASS" start="2025-02-25T17:28:03.400236" elapsed="0.330216"/>
</kw>
<kw name="Sleep" owner="BuiltIn">
<msg time="2025-02-25T17:28:08.741850" level="INFO">Slept 5 seconds.</msg>
<arg>5s</arg>
<doc>Pauses the test executed for the given time.</doc>
<status status="PASS" start="2025-02-25T17:28:03.730452" elapsed="5.011398"/>
</kw>
<kw name="Capture Page Screenshot" owner="AppiumLibrary">
<msg time="2025-02-25T17:28:09.071202" level="INFO" html="true">&lt;/td&gt;&lt;/tr&gt;&lt;tr&gt;&lt;td colspan="3"&gt;&lt;a href="appium-screenshot-68.png"&gt;&lt;img src="appium-screenshot-68.png" width="800px"&gt;&lt;/a&gt;</msg>
<doc>Takes a screenshot of the current page and embeds it into the log.</doc>
<status status="PASS" start="2025-02-25T17:28:08.742859" elapsed="0.329348"/>
</kw>
<status status="PASS" start="2025-02-25T17:28:01.362617" elapsed="7.709590"/>
</branch>
<branch type="EXCEPT" assign="${error}">
<kw name="Log To Console" owner="BuiltIn">
<arg>Error en la keyword: ${error}</arg>
<doc>Logs the given message to the console.</doc>
<status status="NOT RUN" start="2025-02-25T17:28:09.073199" elapsed="0.000000"/>
</kw>
<kw name="Log" owner="BuiltIn">
<arg>Error en la keyword: ${error}</arg>
<arg>level=ERROR</arg>
<doc>Logs the given message with the given level.</doc>
<status status="NOT RUN" start="2025-02-25T17:28:09.073199" elapsed="0.000000"/>
</kw>
<kw name="Capture Page Screenshot" owner="AppiumLibrary">
<doc>Takes a screenshot of the current page and embeds it into the log.</doc>
<status status="NOT RUN" start="2025-02-25T17:28:09.073199" elapsed="0.000000"/>
</kw>
<kw name="Fail" owner="BuiltIn">
<arg>Error en la keyword: ${error}</arg>
<doc>Fails the test with the given message and optionally alters its tags.</doc>
<status status="NOT RUN" start="2025-02-25T17:28:09.074205" elapsed="0.000000"/>
</kw>
<status status="NOT RUN" start="2025-02-25T17:28:09.072207" elapsed="0.001998"/>
</branch>
<status status="PASS" start="2025-02-25T17:28:01.362617" elapsed="7.712594"/>
</try>
<status status="PASS" start="2025-02-25T17:28:01.361617" elapsed="7.713594"/>
</kw>
<kw name="Close All Applications" owner="AppiumLibrary" type="TEARDOWN">
<doc>Closes all open applications.</doc>
<status status="PASS" start="2025-02-25T17:28:09.075723" elapsed="0.560705"/>
</kw>
<doc>Prueba: Consulta el menú ayuda de la cuenta</doc>
<tag>Prueba: Consulta el menú ayuda de la cuenta</tag>
<status status="PASS" start="2025-02-25T17:26:55.257174" elapsed="74.380256"/>
</test>
<status status="FAIL" start="2025-02-25T17:12:37.123976" elapsed="932.516453"/>
</suite>
<statistics>
<total>
<stat pass="8" fail="3" skip="0">All Tests</stat>
</total>
<tag>
<stat pass="1" fail="0" skip="0">Prueba: Consulta el menú ayuda de la cuenta</stat>
<stat pass="1" fail="0" skip="0">Prueba: Consulta el menú de Segurdad de la cuenta</stat>
<stat pass="1" fail="0" skip="0">Prueba: Consulta el Perfil de la cuenta</stat>
<stat pass="1" fail="0" skip="0">Prueba:Consulta Tarjetas de la cuenta</stat>
<stat pass="0" fail="1" skip="0">Prueba:Consulta Ultimo Estado de cuenta</stat>
<stat pass="0" fail="1" skip="0">Prueba: Realiza un Guardadito</stat>
<stat pass="1" fail="0" skip="0">Prueba Consulta el Menu de la cuenta</stat>
<stat pass="1" fail="0" skip="0">Prueba Consulta Retiro</stat>
<stat pass="0" fail="1" skip="0">Prueba Realiza un Envio de dinero</stat>
<stat pass="1" fail="0" skip="0">Prueba Realiza un Pago con QR</stat>
<stat pass="1" fail="0" skip="0">Prueba valida saldo</stat>
</tag>
<suite>
<stat name="Tests Suite Regresion" id="s1" pass="8" fail="3" skip="0">Tests Suite Regresion</stat>
</suite>
</statistics>
<errors>
<msg time="2025-02-25T17:12:37.768183" level="ERROR">Error in file 'c:\Users\Victor\Documents\workspace\project-automation-imoney\iMony\Keywords\keyword_cuenta.robot' on line 7: Library 'send_location_influx.py' does not exist.</msg>
<msg time="2025-02-25T17:12:37.814230" level="WARN">Error in file 'c:\Users\Victor\Documents\workspace\project-automation-imoney\iMony\Keywords\keyword_loggin.robot' on line 66: The '[Return]' setting is deprecated. Use the 'RETURN' statement instead.</msg>
<msg time="2025-02-25T17:12:39.332908" level="ERROR">Error in file 'c:\Users\Victor\Documents\workspace\project-automation-imoney\iMony\Keywords\keyword_home.robot' on line 7: Library 'send_location_influx.py' does not exist.</msg>
<msg time="2025-02-25T17:12:39.360581" level="ERROR">Error in file 'c:\Users\Victor\Documents\workspace\project-automation-imoney\iMony\Keywords\keyword_menu.robot' on line 7: Library 'send_location_influx.py' does not exist.</msg>
<msg time="2025-02-25T17:16:57.772886" level="ERROR">Error en la keyword: Se encontró el mensaje de error: Ocurrió un error</msg>
<msg time="2025-02-25T17:20:08.453180" level="ERROR">Error en la keyword: Se encontró el mensaje de error: Ocurrió un error</msg>
<msg time="2025-02-25T17:23:02.810757" level="ERROR">Error en la keyword: ValueError: Element locator '//android.widget.TextView[@text="Ocurrió un error"]' did not match any elements.</msg>
</errors>
</robot>
